Pseudo-terminal will not be allocated because stdin is not a terminal.
Submitted batch job 5903198

scontrol show jobid 5903196
JobId=5903196 JobName=euler_p3
   UserId=tmontoya(3046870) GroupId=zingg(6000086) MCS_label=N/A
   Priority=1031894 Nice=0 Account=rrg-zingg-ad QOS=normal
   JobState=COMPLETING Reason=None Dependency=(null)
   Requeue=0 Restarts=0 BatchFlag=1 Reboot=0 ExitCode=0:0
   RunTime=00:00:19 TimeLimit=12:00:00 TimeMin=N/A
   SubmitTime=2021-08-22T00:32:37 EligibleTime=2021-08-22T00:32:37
   AccrueTime=2021-08-22T00:32:37
   StartTime=2021-08-22T00:32:40 EndTime=2021-08-22T00:32:59 Deadline=N/A
   SuspendTime=None SecsPreSuspend=0 LastSchedEval=2021-08-22T00:32:40
   Partition=compute AllocNode:Sid=nia-login01:131439
   ReqNodeList=(null) ExcNodeList=(null)
   NodeList=nia0087
   BatchHost=nia0087
   NumNodes=1 NumCPUs=80 NumTasks=40 CPUs/Task=1 ReqB:S:C:T=0:0:*:*
   TRES=cpu=80,mem=175000M,node=1,billing=40
   Socks/Node=* NtasksPerN:B:S:C=40:0:*:* CoreSpec=*
   MinCPUsNode=40 MinMemoryNode=175000M MinTmpDiskNode=0
   Features=[skylake|cascade] DelayBoot=00:00:00
   OverSubscribe=NO Contiguous=0 Licenses=(null) Network=(null)
   Command=/gpfs/fs0/scratch/z/zingg/tmontoya/GHOST_private/notebooks/submit_euler_p3.sh
   WorkDir=/gpfs/fs0/scratch/z/zingg/tmontoya/GHOST_private/notebooks
   StdErr=/gpfs/fs0/scratch/z/zingg/tmontoya/GHOST_private/notebooks/slurm-5903196.out
   StdIn=/dev/null
   StdOut=/gpfs/fs0/scratch/z/zingg/tmontoya/GHOST_private/notebooks/slurm-5903196.out
   Power=
   MailUser=tmontoya@scinet.local MailType=NONE

sacct -j 5903196
       JobID    JobName    Account    Elapsed  MaxVMSize     MaxRSS  SystemCPU    UserCPU ExitCode 
------------ ---------- ---------- ---------- ---------- ---------- ---------- ---------- -------- 
5903196        euler_p3 rrg-zingg+   00:00:19                        02:09.010  02:56.434      0:0 
5903196.bat+      batch rrg-zingg+   00:00:19    138528K      1248K  02:09.010  02:56.433      0:0 
5903196.ext+     extern rrg-zingg+   00:00:19    138360K       876K   00:00:00   00:00:00      0:0 
