Pseudo-terminal will not be allocated because stdin is not a terminal.
SBATCH WARNING: 
 You have requested the maximum amount of time.  If this jobs does not actually
 need this amount of time, it may run sooner if you request less time.
SBATCH: 1 warning was found.
SBATCH: Job submission will be attempted despite warnings.
Submitted batch job 5891041

scontrol show jobid 5882903
JobId=5882903 JobName=euler_p4
   UserId=tmontoya(3046870) GroupId=zingg(6000086) MCS_label=N/A
   Priority=871312 Nice=0 Account=rrg-zingg-ad QOS=normal
   JobState=COMPLETING Reason=None Dependency=(null)
   Requeue=0 Restarts=0 BatchFlag=1 Reboot=0 ExitCode=0:0
   RunTime=23:30:04 TimeLimit=1-00:00:00 TimeMin=N/A
   SubmitTime=2021-08-16T16:48:00 EligibleTime=2021-08-16T16:48:00
   AccrueTime=2021-08-16T16:48:00
   StartTime=2021-08-17T03:57:55 EndTime=2021-08-18T03:27:59 Deadline=N/A
   SuspendTime=None SecsPreSuspend=0 LastSchedEval=2021-08-17T03:57:55
   Partition=compute AllocNode:Sid=nia-login05:319401
   ReqNodeList=(null) ExcNodeList=(null)
   NodeList=nia0433
   BatchHost=nia0433
   NumNodes=1 NumCPUs=80 NumTasks=40 CPUs/Task=1 ReqB:S:C:T=0:0:*:*
   TRES=cpu=80,mem=175000M,node=1,billing=40
   Socks/Node=* NtasksPerN:B:S:C=40:0:*:* CoreSpec=*
   MinCPUsNode=40 MinMemoryNode=175000M MinTmpDiskNode=0
   Features=[skylake|cascade] DelayBoot=00:00:00
   OverSubscribe=NO Contiguous=0 Licenses=(null) Network=(null)
   Command=/gpfs/fs0/scratch/z/zingg/tmontoya/GHOST_private/notebooks/submit_euler_p4.sh
   WorkDir=/gpfs/fs0/scratch/z/zingg/tmontoya/GHOST_private/notebooks
   StdErr=/gpfs/fs0/scratch/z/zingg/tmontoya/GHOST_private/notebooks/slurm-5882903.out
   StdIn=/dev/null
   StdOut=/gpfs/fs0/scratch/z/zingg/tmontoya/GHOST_private/notebooks/slurm-5882903.out
   Power=
   MailUser=tmontoya@scinet.local MailType=NONE

sacct -j 5882903
       JobID    JobName    Account    Elapsed  MaxVMSize     MaxRSS  SystemCPU    UserCPU ExitCode 
------------ ---------- ---------- ---------- ---------- ---------- ---------- ---------- -------- 
5882903        euler_p4 rrg-zingg+   23:30:04                        09:12.313 11-17:20:+      0:0 
5882903.bat+      batch rrg-zingg+   23:30:04  73175584K   3168032K  09:12.313 11-17:20:+      0:0 
5882903.ext+     extern rrg-zingg+   23:30:04    138360K       876K   00:00:00   00:00:00      0:0 
