Pseudo-terminal will not be allocated because stdin is not a terminal.
===============================================================================
If you are having trouble logging in, please see:
https://docs.computecanada.ca/wiki/SSH_Keys_Pilot 

Si vous rencontrez des difficultés pour vous authentifier, veuillez consulter: 
https://docs.computecanada.ca/wiki/SSH_Keys_Pilot/fr
===============================================================================

Submitted batch job 6552751

scontrol show jobid 6552750
JobId=6552750 JobName=euler_p3
   UserId=tmontoya(3046870) GroupId=zingg(6000086) MCS_label=N/A
   Priority=1153409 Nice=0 Account=rrg-zingg-ad QOS=normal
   JobState=COMPLETING Reason=None Dependency=(null)
   Requeue=0 Restarts=0 BatchFlag=1 Reboot=0 ExitCode=0:0
   RunTime=00:00:50 TimeLimit=12:00:00 TimeMin=N/A
   SubmitTime=2021-12-08T11:23:15 EligibleTime=2021-12-08T11:23:15
   AccrueTime=2021-12-08T11:23:15
   StartTime=2021-12-08T11:24:18 EndTime=2021-12-08T11:25:08 Deadline=N/A
   SuspendTime=None SecsPreSuspend=0 LastSchedEval=2021-12-08T11:24:18
   Partition=compute AllocNode:Sid=nia-login01:49741
   ReqNodeList=(null) ExcNodeList=(null)
   NodeList=nia0144
   BatchHost=nia0144
   NumNodes=1 NumCPUs=80 NumTasks=40 CPUs/Task=1 ReqB:S:C:T=0:0:*:*
   TRES=cpu=80,mem=175000M,node=1,billing=40
   Socks/Node=* NtasksPerN:B:S:C=40:0:*:* CoreSpec=*
   MinCPUsNode=40 MinMemoryNode=175000M MinTmpDiskNode=0
   Features=[skylake|cascade] DelayBoot=00:00:00
   OverSubscribe=NO Contiguous=0 Licenses=(null) Network=(null)
   Command=/gpfs/fs0/scratch/z/zingg/tmontoya/GHOST/notebooks/submit_euler_p3.sh
   WorkDir=/gpfs/fs0/scratch/z/zingg/tmontoya/GHOST/notebooks
   StdErr=/gpfs/fs0/scratch/z/zingg/tmontoya/GHOST/notebooks/slurm-6552750.out
   StdIn=/dev/null
   StdOut=/gpfs/fs0/scratch/z/zingg/tmontoya/GHOST/notebooks/slurm-6552750.out
   Power=
   MailUser=tmontoya@scinet.local MailType=NONE

sacct -j 6552750
       JobID    JobName    Account    Elapsed  MaxVMSize     MaxRSS  SystemCPU    UserCPU ExitCode 
------------ ---------- ---------- ---------- ---------- ---------- ---------- ---------- -------- 
6552750        euler_p3 rrg-zingg+   00:00:50                        02:09.220  04:25.265      0:0 
6552750.bat+      batch rrg-zingg+   00:00:50  72561728K   2438604K  02:09.220  04:25.264      0:0 
6552750.ext+     extern rrg-zingg+   00:00:50    138360K       876K   00:00:00   00:00:00      0:0 
