Pseudo-terminal will not be allocated because stdin is not a terminal.
===============================================================================
If you are having trouble logging in, please see:
https://docs.computecanada.ca/wiki/SSH_Keys_Pilot 

Si vous rencontrez des difficultés pour vous authentifier, veuillez consulter: 
https://docs.computecanada.ca/wiki/SSH_Keys_Pilot/fr
===============================================================================

Submitted batch job 6372685

scontrol show jobid 6362402
JobId=6362402 JobName=euler_p3
   UserId=tmontoya(3046870) GroupId=zingg(6000086) MCS_label=N/A
   Priority=1039354 Nice=0 Account=rrg-zingg-ad QOS=normal
   JobState=COMPLETING Reason=None Dependency=(null)
   Requeue=0 Restarts=0 BatchFlag=1 Reboot=0 ExitCode=0:0
   RunTime=11:30:05 TimeLimit=12:00:00 TimeMin=N/A
   SubmitTime=2021-11-06T09:27:06 EligibleTime=2021-11-06T09:27:06
   AccrueTime=2021-11-06T09:27:06
   StartTime=2021-11-06T09:27:18 EndTime=2021-11-06T20:57:23 Deadline=N/A
   SuspendTime=None SecsPreSuspend=0 LastSchedEval=2021-11-06T09:27:18
   Partition=compute AllocNode:Sid=nia-login01:4140
   ReqNodeList=(null) ExcNodeList=(null)
   NodeList=nia1096
   BatchHost=nia1096
   NumNodes=1 NumCPUs=80 NumTasks=40 CPUs/Task=1 ReqB:S:C:T=0:0:*:*
   TRES=cpu=80,mem=175000M,node=1,billing=40
   Socks/Node=* NtasksPerN:B:S:C=40:0:*:* CoreSpec=*
   MinCPUsNode=40 MinMemoryNode=175000M MinTmpDiskNode=0
   Features=[skylake|cascade] DelayBoot=00:00:00
   OverSubscribe=NO Contiguous=0 Licenses=(null) Network=(null)
   Command=/gpfs/fs0/scratch/z/zingg/tmontoya/GHOST/notebooks/submit_euler_p3.sh
   WorkDir=/gpfs/fs0/scratch/z/zingg/tmontoya/GHOST/notebooks
   StdErr=/gpfs/fs0/scratch/z/zingg/tmontoya/GHOST/notebooks/slurm-6362402.out
   StdIn=/dev/null
   StdOut=/gpfs/fs0/scratch/z/zingg/tmontoya/GHOST/notebooks/slurm-6362402.out
   Power=
   MailUser=tmontoya@scinet.local MailType=NONE

sacct -j 6362402
       JobID    JobName    Account    Elapsed  MaxVMSize     MaxRSS  SystemCPU    UserCPU ExitCode 
------------ ---------- ---------- ---------- ---------- ---------- ---------- ---------- -------- 
6362402        euler_p3 rrg-zingg+   11:30:05                        04:43.284 5-17:10:04      0:0 
6362402.bat+      batch rrg-zingg+   11:30:05  72859724K   2655.50M  04:43.284 5-17:10:04      0:0 
6362402.ext+     extern rrg-zingg+   11:30:06    138360K       876K   00:00:00   00:00:00      0:0 

kernel messages produced during job executions:
[Nov 6 10:04] CIFS PidTable: buckets 64
[  +0.005556] CIFS BufTable: buckets 64
[Nov 6 11:25] CIFS PidTable: buckets 64
[  +0.005491] CIFS BufTable: buckets 64
