Pseudo-terminal will not be allocated because stdin is not a terminal.
===============================================================================
If you are having trouble logging in, please see:
https://docs.computecanada.ca/wiki/SSH_Keys_Pilot 

Si vous rencontrez des difficultés pour vous authentifier, veuillez consulter: 
https://docs.computecanada.ca/wiki/SSH_Keys_Pilot/fr
===============================================================================

SBATCH WARNING: 
 You have requested the maximum amount of time.  If this jobs does not actually
 need this amount of time, it may run sooner if you request less time.
SBATCH: 1 warning was found.
SBATCH: Job submission will be attempted despite warnings.
Submitted batch job 6563156

scontrol show jobid 6562624
JobId=6562624 JobName=euler_p4
   UserId=tmontoya(3046870) GroupId=zingg(6000086) MCS_label=N/A
   Priority=1099272 Nice=0 Account=rrg-zingg-ad QOS=normal
   JobState=COMPLETING Reason=None Dependency=(null)
   Requeue=0 Restarts=0 BatchFlag=1 Reboot=0 ExitCode=0:0
   RunTime=00:00:47 TimeLimit=1-00:00:00 TimeMin=N/A
   SubmitTime=2021-12-10T20:39:19 EligibleTime=2021-12-10T20:39:19
   AccrueTime=2021-12-10T20:39:19
   StartTime=2021-12-10T22:46:47 EndTime=2021-12-10T22:47:34 Deadline=N/A
   SuspendTime=None SecsPreSuspend=0 LastSchedEval=2021-12-10T22:46:47
   Partition=compute AllocNode:Sid=nia-login01:234351
   ReqNodeList=(null) ExcNodeList=(null)
   NodeList=nia1693
   BatchHost=nia1693
   NumNodes=1 NumCPUs=80 NumTasks=40 CPUs/Task=1 ReqB:S:C:T=0:0:*:*
   TRES=cpu=80,mem=175000M,node=1,billing=40
   Socks/Node=* NtasksPerN:B:S:C=40:0:*:* CoreSpec=*
   MinCPUsNode=40 MinMemoryNode=175000M MinTmpDiskNode=0
   Features=[skylake|cascade] DelayBoot=00:00:00
   OverSubscribe=NO Contiguous=0 Licenses=(null) Network=(null)
   Command=/gpfs/fs0/scratch/z/zingg/tmontoya/GHOST/notebooks/submit_euler_p4.sh
   WorkDir=/gpfs/fs0/scratch/z/zingg/tmontoya/GHOST/notebooks
   StdErr=/gpfs/fs0/scratch/z/zingg/tmontoya/GHOST/notebooks/slurm-6562624.out
   StdIn=/dev/null
   StdOut=/gpfs/fs0/scratch/z/zingg/tmontoya/GHOST/notebooks/slurm-6562624.out
   Power=
   MailUser=tmontoya@scinet.local MailType=NONE

sacct -j 6562624
       JobID    JobName    Account    Elapsed  MaxVMSize     MaxRSS  SystemCPU    UserCPU ExitCode 
------------ ---------- ---------- ---------- ---------- ---------- ---------- ---------- -------- 
6562624        euler_p4 rrg-zingg+   00:00:47                        02:33.294  05:34.617      0:0 
6562624.bat+      batch rrg-zingg+   00:00:47  72558676K   2506328K  02:33.294  05:34.616      0:0 
6562624.ext+     extern rrg-zingg+   00:00:47    138360K       876K   00:00:00   00:00:00      0:0 
