
scontrol show jobid 5891324
JobId=5891324 JobName=euler_p2
   UserId=tmontoya(3046870) GroupId=zingg(6000086) MCS_label=N/A
   Priority=1076081 Nice=0 Account=rrg-zingg-ad QOS=normal
   JobState=COMPLETING Reason=None Dependency=(null)
   Requeue=0 Restarts=0 BatchFlag=1 Reboot=0 ExitCode=0:0
   RunTime=00:00:15 TimeLimit=1-00:00:00 TimeMin=N/A
   SubmitTime=2021-08-18T05:59:08 EligibleTime=2021-08-18T05:59:08
   AccrueTime=2021-08-18T05:59:08
   StartTime=2021-08-18T05:59:57 EndTime=2021-08-18T06:00:12 Deadline=N/A
   SuspendTime=None SecsPreSuspend=0 LastSchedEval=2021-08-18T05:59:57
   Partition=compute AllocNode:Sid=nia-login01:378724
   ReqNodeList=(null) ExcNodeList=(null)
   NodeList=nia1791
   BatchHost=nia1791
   NumNodes=1 NumCPUs=80 NumTasks=40 CPUs/Task=1 ReqB:S:C:T=0:0:*:*
   TRES=cpu=80,mem=175000M,node=1,billing=40
   Socks/Node=* NtasksPerN:B:S:C=40:0:*:* CoreSpec=*
   MinCPUsNode=40 MinMemoryNode=175000M MinTmpDiskNode=0
   Features=[skylake|cascade] DelayBoot=00:00:00
   OverSubscribe=NO Contiguous=0 Licenses=(null) Network=(null)
   Command=/gpfs/fs0/scratch/z/zingg/tmontoya/GHOST_private/notebooks/submit_euler_p2.sh
   WorkDir=/gpfs/fs0/scratch/z/zingg/tmontoya/GHOST_private/notebooks
   StdErr=/gpfs/fs0/scratch/z/zingg/tmontoya/GHOST_private/notebooks/slurm-5891324.out
   StdIn=/dev/null
   StdOut=/gpfs/fs0/scratch/z/zingg/tmontoya/GHOST_private/notebooks/slurm-5891324.out
   Power=
   MailUser=tmontoya@scinet.local MailType=NONE

sacct -j 5891324
       JobID    JobName    Account    Elapsed  MaxVMSize     MaxRSS  SystemCPU    UserCPU ExitCode 
------------ ---------- ---------- ---------- ---------- ---------- ---------- ---------- -------- 
5891324        euler_p2 rrg-zingg+   00:00:15                        01:41.023  02:25.106      0:0 
5891324.bat+      batch rrg-zingg+   00:00:15    138528K      1248K  01:41.023  02:25.106      0:0 
5891324.ext+     extern rrg-zingg+   00:00:15    138360K      1064K   00:00:00   00:00:00      0:0 
