Pseudo-terminal will not be allocated because stdin is not a terminal.
===============================================================================
If you are having trouble logging in, please see:
https://docs.computecanada.ca/wiki/SSH_Keys_Pilot 

Si vous rencontrez des difficultés pour vous authentifier, veuillez consulter: 
https://docs.computecanada.ca/wiki/SSH_Keys_Pilot/fr
===============================================================================

Submitted batch job 6360892

scontrol show jobid 6360718
JobId=6360718 JobName=euler_p2
   UserId=tmontoya(3046870) GroupId=zingg(6000086) MCS_label=N/A
   Priority=1131617 Nice=0 Account=rrg-zingg-ad QOS=normal
   JobState=COMPLETING Reason=None Dependency=(null)
   Requeue=0 Restarts=0 BatchFlag=1 Reboot=0 ExitCode=0:0
   RunTime=01:54:01 TimeLimit=12:00:00 TimeMin=N/A
   SubmitTime=2021-11-05T16:28:32 EligibleTime=2021-11-05T16:28:32
   AccrueTime=2021-11-05T16:28:32
   StartTime=2021-11-05T17:41:54 EndTime=2021-11-05T19:35:55 Deadline=N/A
   SuspendTime=None SecsPreSuspend=0 LastSchedEval=2021-11-05T17:41:54
   Partition=compute AllocNode:Sid=nia-login01:318814
   ReqNodeList=(null) ExcNodeList=(null)
   NodeList=nia1753
   BatchHost=nia1753
   NumNodes=1 NumCPUs=80 NumTasks=40 CPUs/Task=1 ReqB:S:C:T=0:0:*:*
   TRES=cpu=80,mem=175000M,node=1,billing=40
   Socks/Node=* NtasksPerN:B:S:C=40:0:*:* CoreSpec=*
   MinCPUsNode=40 MinMemoryNode=175000M MinTmpDiskNode=0
   Features=[skylake|cascade] DelayBoot=00:00:00
   OverSubscribe=NO Contiguous=0 Licenses=(null) Network=(null)
   Command=/gpfs/fs0/scratch/z/zingg/tmontoya/GHOST/notebooks/submit_euler_p2.sh
   WorkDir=/gpfs/fs0/scratch/z/zingg/tmontoya/GHOST/notebooks
   StdErr=/gpfs/fs0/scratch/z/zingg/tmontoya/GHOST/notebooks/slurm-6360718.out
   StdIn=/dev/null
   StdOut=/gpfs/fs0/scratch/z/zingg/tmontoya/GHOST/notebooks/slurm-6360718.out
   Power=
   MailUser=tmontoya@scinet.local MailType=NONE

sacct -j 6360718
       JobID    JobName    Account    Elapsed  MaxVMSize     MaxRSS  SystemCPU    UserCPU ExitCode 
------------ ---------- ---------- ---------- ---------- ---------- ---------- ---------- -------- 
6360718        euler_p2 rrg-zingg+   01:54:01                        01:10.392  02:45.936      0:0 
6360718.bat+      batch rrg-zingg+   01:54:01  73343496K   2350328K  01:10.392  02:45.936      0:0 
6360718.ext+     extern rrg-zingg+   01:54:01    138360K       876K   00:00:00   00:00:00      0:0 

kernel messages produced during job executions:
[Nov 5 15:17] INFO: task slurmstepd:235121 blocked for more than 120 seconds.
[  +0.008602] "echo 0 > /proc/sys/kernel/hung_task_timeout_secs" disables this message.
[  +0.009500] slurmstepd      D ffff89dbaa76a080     0 235121      1 0x00000000
[  +0.008677] Call Trace:
[  +0.003407]  [<ffffffff970d4975>] ? ttwu_do_wakeup+0xb5/0xe0
[  +0.006975]  [<ffffffff9776c9c9>] schedule+0x29/0x70
[  +0.006186]  [<ffffffffc0cefc91>] cxiWaitEventWait+0x1d1/0x2f0 [mmfslinux]
[  +0.008294]  [<ffffffff970d81c0>] ? wake_up_state+0x20/0x20
[  +0.006877]  [<ffffffffc0f1b790>] _ZN6ThCond12internalWaitEP16KernelSynchStatejPv+0xd0/0x260 [mmfs26]
[  +0.010926]  [<ffffffffc0f1c518>] ? _ZN14BaseMutexClass15releaseLockHeldEP16KernelSynchState+0x18/0x130 [mmfs26]
[  +0.011995]  [<ffffffffc0f1ce5b>] _ZN6ThCond5kWaitEiPKc+0x1db/0x410 [mmfs26]
[  +0.008496]  [<ffffffffc0e3ba15>] _ZN13KernelMailbox21sendToDaemonWithReplyEv+0x375/0x410 [mmfs26]
[  +0.010628]  [<ffffffffc0e75d25>] _Z10kSFSCreateP15KernelOperationP10gpfsNode_tPcjiP10ext_cred_tjjyP15cxiCreateInfo_tPP8OpenFilePP12OpenInstanceP7FileUIDPj+0x345/0x4f0 [mmfs26]
[  +0.018616]  [<ffffffffc0e8eedb>] _ZL14createInternalP15KernelOperationP13gpfsVfsData_tP10gpfsNode_tPPvPS4_P7FileUIDiS5_PcjjjPSA_P10ext_cred_tyPj+0x37b/0x750 [mmfs26]
[  +0.017696]  [<ffffffffc0ec23d8>] _Z10gpfsCreateP13gpfsVfsData_tP15KernelOperationP9cxiNode_tPPvPS4_PyiiS5_PcjjjPS9_P10ext_cred_tPj+0x1d8/0x2a0 [mmfs26]
[  +0.016365]  [<ffffffffc0ec2200>] ? _Z9gpfsMkdirP13gpfsVfsData_tP15KernelOperationP9cxiNode_tPPvPS4_PyS5_PcjjjP10ext_cred_t+0x890/0x890 [mmfs26]
[  +0.015644]  [<ffffffffc0ce6b9d>] gpfs_i_create+0x21d/0x640 [mmfslinux]
[  +0.008089]  [<ffffffffc0cd739c>] ? gpfs_i_permission_noacl+0x4c/0xf0 [mmfslinux]
[  +0.009053]  [<ffffffff972faec2>] ? security_inode_permission+0x22/0x30
[  +0.008082]  [<ffffffff972504d3>] vfs_create+0xd3/0x140
[  +0.006529]  [<ffffffff972525ad>] do_last+0x10cd/0x12a0
[  +0.006521]  [<ffffffff97254587>] path_openat+0xd7/0x640
[  +0.006612]  [<ffffffff97255f8d>] do_filp_open+0x4d/0xb0
[  +0.006610]  [<ffffffff97263717>] ? __alloc_fd+0x47/0x170
[  +0.006700]  [<ffffffff97242137>] do_sys_open+0x137/0x240
[  +0.006688]  [<ffffffff97256d58>] ? SyS_fcntl+0x78/0x6f0
[  +0.006600]  [<ffffffff9724225e>] SyS_open+0x1e/0x20
[  +0.006217]  [<ffffffff97779ddb>] system_call_fastpath+0x22/0x27
[Nov 5 15:19] INFO: task slurmstepd:235121 blocked for more than 120 seconds.
[  +0.008649] "echo 0 > /proc/sys/kernel/hung_task_timeout_secs" disables this message.
[  +0.009536] slurmstepd      D ffff89dbaa76a080     0 235121      1 0x00000000
[  +0.008739] Call Trace:
[  +0.003475]  [<ffffffff970d4975>] ? ttwu_do_wakeup+0xb5/0xe0
[  +0.007072]  [<ffffffff9776c9c9>] schedule+0x29/0x70
[  +0.006301]  [<ffffffffc0cefc91>] cxiWaitEventWait+0x1d1/0x2f0 [mmfslinux]
[  +0.008432]  [<ffffffff970d81c0>] ? wake_up_state+0x20/0x20
[  +0.007031]  [<ffffffffc0f1b790>] _ZN6ThCond12internalWaitEP16KernelSynchStatejPv+0xd0/0x260 [mmfs26]
[  +0.011101]  [<ffffffffc0f1c518>] ? _ZN14BaseMutexClass15releaseLockHeldEP16KernelSynchState+0x18/0x130 [mmfs26]
[  +0.012178]  [<ffffffffc0f1ce5b>] _ZN6ThCond5kWaitEiPKc+0x1db/0x410 [mmfs26]
[  +0.008690]  [<ffffffffc0e3ba15>] _ZN13KernelMailbox21sendToDaemonWithReplyEv+0x375/0x410 [mmfs26]
[  +0.010832]  [<ffffffffc0e75d25>] _Z10kSFSCreateP15KernelOperationP10gpfsNode_tPcjiP10ext_cred_tjjyP15cxiCreateInfo_tPP8OpenFilePP12OpenInstanceP7FileUIDPj+0x345/0x4f0 [mmfs26]
[  +0.019058]  [<ffffffffc0e8eedb>] _ZL14createInternalP15KernelOperationP13gpfsVfsData_tP10gpfsNode_tPPvPS4_P7FileUIDiS5_PcjjjPSA_P10ext_cred_tyPj+0x37b/0x750 [mmfs26]
[  +0.018144]  [<ffffffffc0ec23d8>] _Z10gpfsCreateP13gpfsVfsData_tP15KernelOperationP9cxiNode_tPPvPS4_PyiiS5_PcjjjPS9_P10ext_cred_tPj+0x1d8/0x2a0 [mmfs26]
[  +0.016804]  [<ffffffffc0ec2200>] ? _Z9gpfsMkdirP13gpfsVfsData_tP15KernelOperationP9cxiNode_tPPvPS4_PyS5_PcjjjP10ext_cred_t+0x890/0x890 [mmfs26]
[  +0.016064]  [<ffffffffc0ce6b9d>] gpfs_i_create+0x21d/0x640 [mmfslinux]
[  +0.008297]  [<ffffffffc0cd739c>] ? gpfs_i_permission_noacl+0x4c/0xf0 [mmfslinux]
[  +0.009257]  [<ffffffff972faec2>] ? security_inode_permission+0x22/0x30
[  +0.008289]  [<ffffffff972504d3>] vfs_create+0xd3/0x140
[  +0.006727]  [<ffffffff972525ad>] do_last+0x10cd/0x12a0
[  +0.006713]  [<ffffffff97254587>] path_openat+0xd7/0x640
[  +0.006794]  [<ffffffff97255f8d>] do_filp_open+0x4d/0xb0
[  +0.006797]  [<ffffffff97263717>] ? __alloc_fd+0x47/0x170
[  +0.006881]  [<ffffffff97242137>] do_sys_open+0x137/0x240
[  +0.006860]  [<ffffffff97256d58>] ? SyS_fcntl+0x78/0x6f0
[  +0.006747]  [<ffffffff9724225e>] SyS_open+0x1e/0x20
[  +0.006348]  [<ffffffff97779ddb>] system_call_fastpath+0x22/0x27
[Nov 5 16:28] CIFS PidTable: buckets 64
[  +0.005677] CIFS BufTable: buckets 64
