/var/spool/slurm/slurmd/job6530357/slurm_script: line 18: [: : integer expression expected

scontrol show jobid 6530357
JobId=6530357 JobName=euler_p3
   UserId=tmontoya(3046870) GroupId=zingg(6000086) MCS_label=N/A
   Priority=962048 Nice=0 Account=rrg-zingg-ad QOS=normal
   JobState=COMPLETING Reason=None Dependency=(null)
   Requeue=0 Restarts=0 BatchFlag=1 Reboot=0 ExitCode=0:0
   RunTime=08:07:49 TimeLimit=12:00:00 TimeMin=N/A
   SubmitTime=2021-12-02T16:10:43 EligibleTime=2021-12-02T16:10:43
   AccrueTime=2021-12-02T16:10:43
   StartTime=2021-12-03T02:47:53 EndTime=2021-12-03T10:55:42 Deadline=N/A
   SuspendTime=None SecsPreSuspend=0 LastSchedEval=2021-12-03T02:47:53
   Partition=compute AllocNode:Sid=nia-login05:408380
   ReqNodeList=(null) ExcNodeList=(null)
   NodeList=nia1265
   BatchHost=nia1265
   NumNodes=1 NumCPUs=80 NumTasks=40 CPUs/Task=1 ReqB:S:C:T=0:0:*:*
   TRES=cpu=80,mem=175000M,node=1,billing=40
   Socks/Node=* NtasksPerN:B:S:C=40:0:*:* CoreSpec=*
   MinCPUsNode=40 MinMemoryNode=175000M MinTmpDiskNode=0
   Features=[skylake|cascade] DelayBoot=00:00:00
   OverSubscribe=NO Contiguous=0 Licenses=(null) Network=(null)
   Command=/gpfs/fs0/scratch/z/zingg/tmontoya/GHOST/notebooks/submit_euler_p3.sh
   WorkDir=/gpfs/fs0/scratch/z/zingg/tmontoya/GHOST/notebooks
   StdErr=/gpfs/fs0/scratch/z/zingg/tmontoya/GHOST/notebooks/slurm-6530357.out
   StdIn=/dev/null
   StdOut=/gpfs/fs0/scratch/z/zingg/tmontoya/GHOST/notebooks/slurm-6530357.out
   Power=
   MailUser=tmontoya@scinet.local MailType=NONE

sacct -j 6530357
       JobID    JobName    Account    Elapsed  MaxVMSize     MaxRSS  SystemCPU    UserCPU ExitCode 
------------ ---------- ---------- ---------- ---------- ---------- ---------- ---------- -------- 
6530357        euler_p3 rrg-zingg+   08:07:49                        02:20.610 1-06:32:12      0:0 
6530357.bat+      batch rrg-zingg+   08:07:49  67542596K   2238644K  02:20.610 1-06:32:12      0:0 
6530357.ext+     extern rrg-zingg+   08:07:49    138360K       876K   00:00:00   00:00:00      0:0 
