Pseudo-terminal will not be allocated because stdin is not a terminal.
Submitted batch job 5896444

scontrol show jobid 5896028
JobId=5896028 JobName=euler_p2
   UserId=tmontoya(3046870) GroupId=zingg(6000086) MCS_label=N/A
   Priority=1049113 Nice=0 Account=rrg-zingg-ad QOS=normal
   JobState=COMPLETING Reason=None Dependency=(null)
   Requeue=0 Restarts=0 BatchFlag=1 Reboot=0 ExitCode=0:0
   RunTime=00:00:27 TimeLimit=12:00:00 TimeMin=N/A
   SubmitTime=2021-08-19T15:31:04 EligibleTime=2021-08-19T15:31:04
   AccrueTime=2021-08-19T15:31:04
   StartTime=2021-08-19T18:15:31 EndTime=2021-08-19T18:15:58 Deadline=N/A
   SuspendTime=None SecsPreSuspend=0 LastSchedEval=2021-08-19T18:15:31
   Partition=compute AllocNode:Sid=nia-login01:458313
   ReqNodeList=(null) ExcNodeList=(null)
   NodeList=nia1763
   BatchHost=nia1763
   NumNodes=1 NumCPUs=80 NumTasks=40 CPUs/Task=1 ReqB:S:C:T=0:0:*:*
   TRES=cpu=80,mem=175000M,node=1,billing=40
   Socks/Node=* NtasksPerN:B:S:C=40:0:*:* CoreSpec=*
   MinCPUsNode=40 MinMemoryNode=175000M MinTmpDiskNode=0
   Features=[skylake|cascade] DelayBoot=00:00:00
   OverSubscribe=NO Contiguous=0 Licenses=(null) Network=(null)
   Command=/gpfs/fs0/scratch/z/zingg/tmontoya/GHOST_private/notebooks/submit_euler_p2.sh
   WorkDir=/gpfs/fs0/scratch/z/zingg/tmontoya/GHOST_private/notebooks
   StdErr=/gpfs/fs0/scratch/z/zingg/tmontoya/GHOST_private/notebooks/slurm-5896028.out
   StdIn=/dev/null
   StdOut=/gpfs/fs0/scratch/z/zingg/tmontoya/GHOST_private/notebooks/slurm-5896028.out
   Power=
   MailUser=tmontoya@scinet.local MailType=NONE

sacct -j 5896028
       JobID    JobName    Account    Elapsed  MaxVMSize     MaxRSS  SystemCPU    UserCPU ExitCode 
------------ ---------- ---------- ---------- ---------- ---------- ---------- ---------- -------- 
5896028        euler_p2 rrg-zingg+   00:00:27                        01:13.662  01:46.356      0:0 
5896028.bat+      batch rrg-zingg+   00:00:27    138528K      1256K  01:13.662  01:46.355      0:0 
5896028.ext+     extern rrg-zingg+   00:00:27    138360K       880K   00:00:00   00:00:00      0:0 
