Pseudo-terminal will not be allocated because stdin is not a terminal.
===============================================================================
If you are having trouble logging in, please see:
https://docs.computecanada.ca/wiki/SSH_Keys_Pilot 

Si vous rencontrez des difficultés pour vous authentifier, veuillez consulter: 
https://docs.computecanada.ca/wiki/SSH_Keys_Pilot/fr
===============================================================================

Submitted batch job 6387174

scontrol show jobid 6377759
JobId=6377759 JobName=euler_p3
   UserId=tmontoya(3046870) GroupId=zingg(6000086) MCS_label=N/A
   Priority=956819 Nice=0 Account=rrg-zingg-ad QOS=normal
   JobState=COMPLETING Reason=None Dependency=(null)
   Requeue=0 Restarts=0 BatchFlag=1 Reboot=0 ExitCode=0:0
   RunTime=11:30:05 TimeLimit=12:00:00 TimeMin=N/A
   SubmitTime=2021-11-07T18:58:01 EligibleTime=2021-11-07T18:58:01
   AccrueTime=2021-11-07T18:58:01
   StartTime=2021-11-07T18:58:20 EndTime=2021-11-08T06:28:25 Deadline=N/A
   SuspendTime=None SecsPreSuspend=0 LastSchedEval=2021-11-07T18:58:20
   Partition=compute AllocNode:Sid=nia-login01:456349
   ReqNodeList=(null) ExcNodeList=(null)
   NodeList=nia0230
   BatchHost=nia0230
   NumNodes=1 NumCPUs=80 NumTasks=40 CPUs/Task=1 ReqB:S:C:T=0:0:*:*
   TRES=cpu=80,mem=175000M,node=1,billing=40
   Socks/Node=* NtasksPerN:B:S:C=40:0:*:* CoreSpec=*
   MinCPUsNode=40 MinMemoryNode=175000M MinTmpDiskNode=0
   Features=[skylake|cascade] DelayBoot=00:00:00
   OverSubscribe=NO Contiguous=0 Licenses=(null) Network=(null)
   Command=/gpfs/fs0/scratch/z/zingg/tmontoya/GHOST/notebooks/submit_euler_p3.sh
   WorkDir=/gpfs/fs0/scratch/z/zingg/tmontoya/GHOST/notebooks
   StdErr=/gpfs/fs0/scratch/z/zingg/tmontoya/GHOST/notebooks/slurm-6377759.out
   StdIn=/dev/null
   StdOut=/gpfs/fs0/scratch/z/zingg/tmontoya/GHOST/notebooks/slurm-6377759.out
   Power=
   MailUser=tmontoya@scinet.local MailType=NONE

sacct -j 6377759
       JobID    JobName    Account    Elapsed  MaxVMSize     MaxRSS  SystemCPU    UserCPU ExitCode 
------------ ---------- ---------- ---------- ---------- ---------- ---------- ---------- -------- 
6377759        euler_p3 rrg-zingg+   11:30:05                        04:22.705 5-06:11:01      0:0 
6377759.bat+      batch rrg-zingg+   11:30:05  67742544K   2517832K  04:22.704 5-06:11:01      0:0 
6377759.ext+     extern rrg-zingg+   11:30:05    138360K      1068K   00:00:00   00:00:00      0:0 

kernel messages produced during job executions:
[Nov 8 03:51] CIFS PidTable: buckets 64
[  +0.005355] CIFS BufTable: buckets 64
