Pseudo-terminal will not be allocated because stdin is not a terminal.
===============================================================================
If you are having trouble logging in, please see:
https://docs.computecanada.ca/wiki/SSH_Keys_Pilot 

Si vous rencontrez des difficultés pour vous authentifier, veuillez consulter: 
https://docs.computecanada.ca/wiki/SSH_Keys_Pilot/fr
===============================================================================

Submitted batch job 6362402

scontrol show jobid 6361225
JobId=6361225 JobName=euler_p3
   UserId=tmontoya(3046870) GroupId=zingg(6000086) MCS_label=N/A
   Priority=1122908 Nice=0 Account=rrg-zingg-ad QOS=normal
   JobState=COMPLETING Reason=None Dependency=(null)
   Requeue=0 Restarts=0 BatchFlag=1 Reboot=0 ExitCode=0:0
   RunTime=11:30:07 TimeLimit=12:00:00 TimeMin=N/A
   SubmitTime=2021-11-05T21:56:20 EligibleTime=2021-11-05T21:56:20
   AccrueTime=2021-11-05T21:56:20
   StartTime=2021-11-05T21:56:59 EndTime=2021-11-06T09:27:06 Deadline=N/A
   SuspendTime=None SecsPreSuspend=0 LastSchedEval=2021-11-05T21:56:59
   Partition=compute AllocNode:Sid=nia-login01:446873
   ReqNodeList=(null) ExcNodeList=(null)
   NodeList=nia1606
   BatchHost=nia1606
   NumNodes=1 NumCPUs=80 NumTasks=40 CPUs/Task=1 ReqB:S:C:T=0:0:*:*
   TRES=cpu=80,mem=175000M,node=1,billing=40
   Socks/Node=* NtasksPerN:B:S:C=40:0:*:* CoreSpec=*
   MinCPUsNode=40 MinMemoryNode=175000M MinTmpDiskNode=0
   Features=[skylake|cascade] DelayBoot=00:00:00
   OverSubscribe=NO Contiguous=0 Licenses=(null) Network=(null)
   Command=/gpfs/fs0/scratch/z/zingg/tmontoya/GHOST/notebooks/submit_euler_p3.sh
   WorkDir=/gpfs/fs0/scratch/z/zingg/tmontoya/GHOST/notebooks
   StdErr=/gpfs/fs0/scratch/z/zingg/tmontoya/GHOST/notebooks/slurm-6361225.out
   StdIn=/dev/null
   StdOut=/gpfs/fs0/scratch/z/zingg/tmontoya/GHOST/notebooks/slurm-6361225.out
   Power=
   MailUser=tmontoya@scinet.local MailType=NONE

sacct -j 6361225
       JobID    JobName    Account    Elapsed  MaxVMSize     MaxRSS  SystemCPU    UserCPU ExitCode 
------------ ---------- ---------- ---------- ---------- ---------- ---------- ---------- -------- 
6361225        euler_p3 rrg-zingg+   11:30:07                        06:09.209 5-17:40:45      0:0 
6361225.bat+      batch rrg-zingg+   11:30:07  72859708K   2736124K  06:09.209 5-17:40:45      0:0 
6361225.ext+     extern rrg-zingg+   11:30:07    138360K       880K   00:00:00   00:00:00      0:0 

kernel messages produced during job executions:
[Nov 5 23:58] CIFS PidTable: buckets 64
[  +0.004463] CIFS BufTable: buckets 64
