
scontrol show jobid 5891325
JobId=5891325 JobName=euler_p3
   UserId=tmontoya(3046870) GroupId=zingg(6000086) MCS_label=N/A
   Priority=1076081 Nice=0 Account=rrg-zingg-ad QOS=normal
   JobState=COMPLETING Reason=None Dependency=(null)
   Requeue=0 Restarts=0 BatchFlag=1 Reboot=0 ExitCode=0:0
   RunTime=00:00:20 TimeLimit=1-00:00:00 TimeMin=N/A
   SubmitTime=2021-08-18T05:59:10 EligibleTime=2021-08-18T05:59:10
   AccrueTime=2021-08-18T05:59:10
   StartTime=2021-08-18T05:59:57 EndTime=2021-08-18T06:00:17 Deadline=N/A
   SuspendTime=None SecsPreSuspend=0 LastSchedEval=2021-08-18T05:59:57
   Partition=compute AllocNode:Sid=nia-login01:378826
   ReqNodeList=(null) ExcNodeList=(null)
   NodeList=nia1865
   BatchHost=nia1865
   NumNodes=1 NumCPUs=80 NumTasks=40 CPUs/Task=1 ReqB:S:C:T=0:0:*:*
   TRES=cpu=80,mem=175000M,node=1,billing=40
   Socks/Node=* NtasksPerN:B:S:C=40:0:*:* CoreSpec=*
   MinCPUsNode=40 MinMemoryNode=175000M MinTmpDiskNode=0
   Features=[skylake|cascade] DelayBoot=00:00:00
   OverSubscribe=NO Contiguous=0 Licenses=(null) Network=(null)
   Command=/gpfs/fs0/scratch/z/zingg/tmontoya/GHOST_private/notebooks/submit_euler_p3.sh
   WorkDir=/gpfs/fs0/scratch/z/zingg/tmontoya/GHOST_private/notebooks
   StdErr=/gpfs/fs0/scratch/z/zingg/tmontoya/GHOST_private/notebooks/slurm-5891325.out
   StdIn=/dev/null
   StdOut=/gpfs/fs0/scratch/z/zingg/tmontoya/GHOST_private/notebooks/slurm-5891325.out
   Power=
   MailUser=tmontoya@scinet.local MailType=NONE

sacct -j 5891325
       JobID    JobName    Account    Elapsed  MaxVMSize     MaxRSS  SystemCPU    UserCPU ExitCode 
------------ ---------- ---------- ---------- ---------- ---------- ---------- ---------- -------- 
5891325        euler_p3 rrg-zingg+   00:00:20                        02:15.071  03:27.644      0:0 
5891325.bat+      batch rrg-zingg+   00:00:20    138528K      1244K  02:15.071  03:27.643      0:0 
5891325.ext+     extern rrg-zingg+   00:00:20    138360K       876K   00:00:00   00:00:00      0:0 
