
scontrol show jobid 6563156
JobId=6563156 JobName=euler_p4
   UserId=tmontoya(3046870) GroupId=zingg(6000086) MCS_label=N/A
   Priority=1099109 Nice=0 Account=rrg-zingg-ad QOS=normal
   JobState=COMPLETING Reason=None Dependency=(null)
   Requeue=0 Restarts=0 BatchFlag=1 Reboot=0 ExitCode=0:0
   RunTime=00:00:32 TimeLimit=1-00:00:00 TimeMin=N/A
   SubmitTime=2021-12-10T22:47:34 EligibleTime=2021-12-10T22:47:34
   AccrueTime=2021-12-10T22:47:34
   StartTime=2021-12-10T22:48:17 EndTime=2021-12-10T22:48:49 Deadline=N/A
   SuspendTime=None SecsPreSuspend=0 LastSchedEval=2021-12-10T22:48:17
   Partition=compute AllocNode:Sid=nia-login01:110187
   ReqNodeList=(null) ExcNodeList=(null)
   NodeList=nia1693
   BatchHost=nia1693
   NumNodes=1 NumCPUs=80 NumTasks=40 CPUs/Task=1 ReqB:S:C:T=0:0:*:*
   TRES=cpu=80,mem=175000M,node=1,billing=40
   Socks/Node=* NtasksPerN:B:S:C=40:0:*:* CoreSpec=*
   MinCPUsNode=40 MinMemoryNode=175000M MinTmpDiskNode=0
   Features=[skylake|cascade] DelayBoot=00:00:00
   OverSubscribe=NO Contiguous=0 Licenses=(null) Network=(null)
   Command=/gpfs/fs0/scratch/z/zingg/tmontoya/GHOST/notebooks/submit_euler_p4.sh
   WorkDir=/gpfs/fs0/scratch/z/zingg/tmontoya/GHOST/notebooks
   StdErr=/gpfs/fs0/scratch/z/zingg/tmontoya/GHOST/notebooks/slurm-6563156.out
   StdIn=/dev/null
   StdOut=/gpfs/fs0/scratch/z/zingg/tmontoya/GHOST/notebooks/slurm-6563156.out
   Power=
   MailUser=tmontoya@scinet.local MailType=NONE

sacct -j 6563156
       JobID    JobName    Account    Elapsed  MaxVMSize     MaxRSS  SystemCPU    UserCPU ExitCode 
------------ ---------- ---------- ---------- ---------- ---------- ---------- ---------- -------- 
6563156        euler_p4 rrg-zingg+   00:00:32                        03:02.813  05:41.789      0:0 
6563156.bat+      batch rrg-zingg+   00:00:32    138528K      1248K  03:02.813  05:41.788      0:0 
6563156.ext+     extern rrg-zingg+   00:00:32    138360K      1064K   00:00:00   00:00:00      0:0 
