Pseudo-terminal will not be allocated because stdin is not a terminal.
===============================================================================
If you are having trouble logging in, please see:
https://docs.computecanada.ca/wiki/SSH_Keys_Pilot 

Si vous rencontrez des difficultés pour vous authentifier, veuillez consulter: 
https://docs.computecanada.ca/wiki/SSH_Keys_Pilot/fr
===============================================================================

Submitted batch job 6360897

scontrol show jobid 6360892
JobId=6360892 JobName=euler_p2
   UserId=tmontoya(3046870) GroupId=zingg(6000086) MCS_label=N/A
   Priority=1054638 Nice=0 Account=rrg-zingg-ad QOS=normal
   JobState=COMPLETING Reason=None Dependency=(null)
   Requeue=0 Restarts=0 BatchFlag=1 Reboot=0 ExitCode=0:0
   RunTime=00:00:47 TimeLimit=12:00:00 TimeMin=N/A
   SubmitTime=2021-11-05T19:35:55 EligibleTime=2021-11-05T19:35:55
   AccrueTime=2021-11-05T19:35:55
   StartTime=2021-11-05T19:37:21 EndTime=2021-11-05T19:38:08 Deadline=N/A
   SuspendTime=None SecsPreSuspend=0 LastSchedEval=2021-11-05T19:37:21
   Partition=compute AllocNode:Sid=nia-login01:203645
   ReqNodeList=(null) ExcNodeList=(null)
   NodeList=nia0627
   BatchHost=nia0627
   NumNodes=1 NumCPUs=80 NumTasks=40 CPUs/Task=1 ReqB:S:C:T=0:0:*:*
   TRES=cpu=80,mem=175000M,node=1,billing=40
   Socks/Node=* NtasksPerN:B:S:C=40:0:*:* CoreSpec=*
   MinCPUsNode=40 MinMemoryNode=175000M MinTmpDiskNode=0
   Features=[skylake|cascade] DelayBoot=00:00:00
   OverSubscribe=NO Contiguous=0 Licenses=(null) Network=(null)
   Command=/gpfs/fs0/scratch/z/zingg/tmontoya/GHOST/notebooks/submit_euler_p2.sh
   WorkDir=/gpfs/fs0/scratch/z/zingg/tmontoya/GHOST/notebooks
   StdErr=/gpfs/fs0/scratch/z/zingg/tmontoya/GHOST/notebooks/slurm-6360892.out
   StdIn=/dev/null
   StdOut=/gpfs/fs0/scratch/z/zingg/tmontoya/GHOST/notebooks/slurm-6360892.out
   Power=
   MailUser=tmontoya@scinet.local MailType=NONE

sacct -j 6360892
       JobID    JobName    Account    Elapsed  MaxVMSize     MaxRSS  SystemCPU    UserCPU ExitCode 
------------ ---------- ---------- ---------- ---------- ---------- ---------- ---------- -------- 
6360892        euler_p2 rrg-zingg+   00:00:47                        01:15.378  02:57.580      0:0 
6360892.bat+      batch rrg-zingg+   00:00:47  72317400K   2241100K  01:15.378  02:57.580      0:0 
6360892.ext+     extern rrg-zingg+   00:00:47    138360K       880K   00:00:00   00:00:00      0:0 
