Pseudo-terminal will not be allocated because stdin is not a terminal.
===============================================================================
If you are having trouble logging in, please see:
https://docs.computecanada.ca/wiki/SSH_Keys_Pilot 

Si vous rencontrez des difficultés pour vous authentifier, veuillez consulter: 
https://docs.computecanada.ca/wiki/SSH_Keys_Pilot/fr
===============================================================================

Submitted batch job 6550640

scontrol show jobid 6548653
JobId=6548653 JobName=euler_p3
   UserId=tmontoya(3046870) GroupId=zingg(6000086) MCS_label=N/A
   Priority=1104882 Nice=0 Account=rrg-zingg-ad QOS=normal
   JobState=COMPLETING Reason=None Dependency=(null)
   Requeue=0 Restarts=0 BatchFlag=1 Reboot=0 ExitCode=0:0
   RunTime=07:41:53 TimeLimit=12:00:00 TimeMin=N/A
   SubmitTime=2021-12-07T15:06:52 EligibleTime=2021-12-07T15:06:52
   AccrueTime=2021-12-07T15:06:52
   StartTime=2021-12-07T18:45:15 EndTime=2021-12-08T02:27:08 Deadline=N/A
   SuspendTime=None SecsPreSuspend=0 LastSchedEval=2021-12-07T18:45:15
   Partition=compute AllocNode:Sid=nia-login06:294568
   ReqNodeList=(null) ExcNodeList=(null)
   NodeList=nia1981
   BatchHost=nia1981
   NumNodes=1 NumCPUs=80 NumTasks=40 CPUs/Task=1 ReqB:S:C:T=0:0:*:*
   TRES=cpu=80,mem=175000M,node=1,billing=40
   Socks/Node=* NtasksPerN:B:S:C=40:0:*:* CoreSpec=*
   MinCPUsNode=40 MinMemoryNode=175000M MinTmpDiskNode=0
   Features=[skylake|cascade] DelayBoot=00:00:00
   OverSubscribe=NO Contiguous=0 Licenses=(null) Network=(null)
   Command=/gpfs/fs0/scratch/z/zingg/tmontoya/GHOST/notebooks/submit_euler_p3.sh
   WorkDir=/gpfs/fs0/scratch/z/zingg/tmontoya/GHOST/notebooks
   StdErr=/gpfs/fs0/scratch/z/zingg/tmontoya/GHOST/notebooks/slurm-6548653.out
   StdIn=/dev/null
   StdOut=/gpfs/fs0/scratch/z/zingg/tmontoya/GHOST/notebooks/slurm-6548653.out
   Power=
   MailUser=tmontoya@scinet.local MailType=NONE

sacct -j 6548653
       JobID    JobName    Account    Elapsed  MaxVMSize     MaxRSS  SystemCPU    UserCPU ExitCode 
------------ ---------- ---------- ---------- ---------- ---------- ---------- ---------- -------- 
6548653        euler_p3 rrg-zingg+   07:41:53                        02:07.913   07:44:26      0:0 
6548653.bat+      batch rrg-zingg+   07:41:53   6374100K    225096K  02:07.913   07:44:26      0:0 
6548653.ext+     extern rrg-zingg+   07:41:53    138360K       876K   00:00:00   00:00:00      0:0 
