Pseudo-terminal will not be allocated because stdin is not a terminal.
Submitted batch job 5897378

scontrol show jobid 5893840
JobId=5893840 JobName=euler_p3
   UserId=tmontoya(3046870) GroupId=zingg(6000086) MCS_label=N/A
   Priority=1056523 Nice=0 Account=rrg-zingg-ad QOS=normal
   JobState=COMPLETING Reason=None Dependency=(null)
   Requeue=0 Restarts=0 BatchFlag=1 Reboot=0 ExitCode=0:0
   RunTime=11:30:07 TimeLimit=12:00:00 TimeMin=N/A
   SubmitTime=2021-08-19T02:01:05 EligibleTime=2021-08-19T02:01:05
   AccrueTime=2021-08-19T02:01:05
   StartTime=2021-08-19T12:16:42 EndTime=2021-08-19T23:46:49 Deadline=N/A
   SuspendTime=None SecsPreSuspend=0 LastSchedEval=2021-08-19T12:16:42
   Partition=compute AllocNode:Sid=nia-login01:296437
   ReqNodeList=(null) ExcNodeList=(null)
   NodeList=nia2012
   BatchHost=nia2012
   NumNodes=1 NumCPUs=80 NumTasks=40 CPUs/Task=1 ReqB:S:C:T=0:0:*:*
   TRES=cpu=80,mem=175000M,node=1,billing=40
   Socks/Node=* NtasksPerN:B:S:C=40:0:*:* CoreSpec=*
   MinCPUsNode=40 MinMemoryNode=175000M MinTmpDiskNode=0
   Features=[skylake|cascade] DelayBoot=00:00:00
   OverSubscribe=NO Contiguous=0 Licenses=(null) Network=(null)
   Command=/gpfs/fs0/scratch/z/zingg/tmontoya/GHOST_private/notebooks/submit_euler_p3.sh
   WorkDir=/gpfs/fs0/scratch/z/zingg/tmontoya/GHOST_private/notebooks
   StdErr=/gpfs/fs0/scratch/z/zingg/tmontoya/GHOST_private/notebooks/slurm-5893840.out
   StdIn=/dev/null
   StdOut=/gpfs/fs0/scratch/z/zingg/tmontoya/GHOST_private/notebooks/slurm-5893840.out
   Power=
   MailUser=tmontoya@scinet.local MailType=NONE

sacct -j 5893840
       JobID    JobName    Account    Elapsed  MaxVMSize     MaxRSS  SystemCPU    UserCPU ExitCode 
------------ ---------- ---------- ---------- ---------- ---------- ---------- ---------- -------- 
5893840        euler_p3 rrg-zingg+   11:30:07                        06:33.237 5-17:40:45      0:0 
5893840.bat+      batch rrg-zingg+   11:30:07  72852836K   2746720K  06:33.237 5-17:40:45      0:0 
5893840.ext+     extern rrg-zingg+   11:30:07    138360K      1064K   00:00:00   00:00:00      0:0 
