Pseudo-terminal will not be allocated because stdin is not a terminal.
===============================================================================
If you are having trouble logging in, please see:
https://docs.computecanada.ca/wiki/SSH_Keys_Pilot 

Si vous rencontrez des difficultés pour vous authentifier, veuillez consulter: 
https://docs.computecanada.ca/wiki/SSH_Keys_Pilot/fr
===============================================================================

Submitted batch job 6552750

scontrol show jobid 6552718
JobId=6552718 JobName=euler_p3
   UserId=tmontoya(3046870) GroupId=zingg(6000086) MCS_label=N/A
   Priority=1153409 Nice=0 Account=rrg-zingg-ad QOS=normal
   JobState=COMPLETING Reason=None Dependency=(null)
   Requeue=0 Restarts=0 BatchFlag=1 Reboot=0 ExitCode=0:0
   RunTime=00:00:36 TimeLimit=12:00:00 TimeMin=N/A
   SubmitTime=2021-12-08T11:22:17 EligibleTime=2021-12-08T11:22:17
   AccrueTime=2021-12-08T11:22:17
   StartTime=2021-12-08T11:22:39 EndTime=2021-12-08T11:23:15 Deadline=N/A
   SuspendTime=None SecsPreSuspend=0 LastSchedEval=2021-12-08T11:22:39
   Partition=compute AllocNode:Sid=nia-login01:48036
   ReqNodeList=(null) ExcNodeList=(null)
   NodeList=nia2022
   BatchHost=nia2022
   NumNodes=1 NumCPUs=80 NumTasks=40 CPUs/Task=1 ReqB:S:C:T=0:0:*:*
   TRES=cpu=80,mem=175000M,node=1,billing=40
   Socks/Node=* NtasksPerN:B:S:C=40:0:*:* CoreSpec=*
   MinCPUsNode=40 MinMemoryNode=175000M MinTmpDiskNode=0
   Features=[skylake|cascade] DelayBoot=00:00:00
   OverSubscribe=NO Contiguous=0 Licenses=(null) Network=(null)
   Command=/gpfs/fs0/scratch/z/zingg/tmontoya/GHOST/notebooks/submit_euler_p3.sh
   WorkDir=/gpfs/fs0/scratch/z/zingg/tmontoya/GHOST/notebooks
   StdErr=/gpfs/fs0/scratch/z/zingg/tmontoya/GHOST/notebooks/slurm-6552718.out
   StdIn=/dev/null
   StdOut=/gpfs/fs0/scratch/z/zingg/tmontoya/GHOST/notebooks/slurm-6552718.out
   Power=
   MailUser=tmontoya@scinet.local MailType=NONE

sacct -j 6552718
       JobID    JobName    Account    Elapsed  MaxVMSize     MaxRSS  SystemCPU    UserCPU ExitCode 
------------ ---------- ---------- ---------- ---------- ---------- ---------- ---------- -------- 
6552718        euler_p3 rrg-zingg+   00:00:36                        01:56.613  04:00.757      0:0 
6552718.bat+      batch rrg-zingg+   00:00:36  72562248K   2486120K  01:56.613  04:00.757      0:0 
6552718.ext+     extern rrg-zingg+   00:00:38    138360K      1068K   00:00:00   00:00:00      0:0 
