
scontrol show jobid 5913874
JobId=5913874 JobName=euler_p4
   UserId=tmontoya(3046870) GroupId=zingg(6000086) MCS_label=N/A
   Priority=961902 Nice=0 Account=rrg-zingg-ad QOS=normal
   JobState=COMPLETING Reason=None Dependency=(null)
   Requeue=0 Restarts=0 BatchFlag=1 Reboot=0 ExitCode=0:0
   RunTime=00:00:35 TimeLimit=1-00:00:00 TimeMin=N/A
   SubmitTime=2021-08-23T18:16:05 EligibleTime=2021-08-23T18:16:05
   AccrueTime=2021-08-23T18:16:05
   StartTime=2021-08-24T06:22:02 EndTime=2021-08-24T06:22:37 Deadline=N/A
   SuspendTime=None SecsPreSuspend=0 LastSchedEval=2021-08-24T06:22:02
   Partition=compute AllocNode:Sid=nia-login01:427565
   ReqNodeList=(null) ExcNodeList=(null)
   NodeList=nia1630
   BatchHost=nia1630
   NumNodes=1 NumCPUs=80 NumTasks=40 CPUs/Task=1 ReqB:S:C:T=0:0:*:*
   TRES=cpu=80,mem=175000M,node=1,billing=40
   Socks/Node=* NtasksPerN:B:S:C=40:0:*:* CoreSpec=*
   MinCPUsNode=40 MinMemoryNode=175000M MinTmpDiskNode=0
   Features=[skylake|cascade] DelayBoot=00:00:00
   OverSubscribe=NO Contiguous=0 Licenses=(null) Network=(null)
   Command=/gpfs/fs0/scratch/z/zingg/tmontoya/GHOST_private/notebooks/submit_euler_p4.sh
   WorkDir=/gpfs/fs0/scratch/z/zingg/tmontoya/GHOST_private/notebooks
   StdErr=/gpfs/fs0/scratch/z/zingg/tmontoya/GHOST_private/notebooks/slurm-5913874.out
   StdIn=/dev/null
   StdOut=/gpfs/fs0/scratch/z/zingg/tmontoya/GHOST_private/notebooks/slurm-5913874.out
   Power=
   MailUser=tmontoya@scinet.local MailType=NONE

sacct -j 5913874
       JobID    JobName    Account    Elapsed  MaxVMSize     MaxRSS  SystemCPU    UserCPU ExitCode 
------------ ---------- ---------- ---------- ---------- ---------- ---------- ---------- -------- 
5913874        euler_p4 rrg-zingg+   00:00:35                        03:03.304  03:43.741      0:0 
5913874.bat+      batch rrg-zingg+   00:00:35  72547156K   2509976K  03:03.304  03:43.740      0:0 
5913874.ext+     extern rrg-zingg+   00:00:35    138360K       876K   00:00:00   00:00:00      0:0 
