Pseudo-terminal will not be allocated because stdin is not a terminal.
===============================================================================
If you are having trouble logging in, please see:
https://docs.computecanada.ca/wiki/SSH_Keys_Pilot 

Si vous rencontrez des difficultés pour vous authentifier, veuillez consulter: 
https://docs.computecanada.ca/wiki/SSH_Keys_Pilot/fr
===============================================================================

SBATCH WARNING: 
 You have requested the maximum amount of time.  If this jobs does not actually
 need this amount of time, it may run sooner if you request less time.
SBATCH: 1 warning was found.
SBATCH: Job submission will be attempted despite warnings.
Submitted batch job 6362663

scontrol show jobid 6358344
JobId=6358344 JobName=euler_p4
   UserId=tmontoya(3046870) GroupId=zingg(6000086) MCS_label=N/A
   Priority=1171486 Nice=0 Account=rrg-zingg-ad QOS=normal
   JobState=COMPLETING Reason=None Dependency=(null)
   Requeue=0 Restarts=0 BatchFlag=1 Reboot=0 ExitCode=0:0
   RunTime=23:30:07 TimeLimit=1-00:00:00 TimeMin=N/A
   SubmitTime=2021-11-05T10:39:05 EligibleTime=2021-11-05T10:39:05
   AccrueTime=2021-11-05T10:39:05
   StartTime=2021-11-05T10:39:42 EndTime=2021-11-06T10:09:49 Deadline=N/A
   SuspendTime=None SecsPreSuspend=0 LastSchedEval=2021-11-05T10:39:42
   Partition=compute AllocNode:Sid=nia-login01:95282
   ReqNodeList=(null) ExcNodeList=(null)
   NodeList=nia1618
   BatchHost=nia1618
   NumNodes=1 NumCPUs=80 NumTasks=40 CPUs/Task=1 ReqB:S:C:T=0:0:*:*
   TRES=cpu=80,mem=175000M,node=1,billing=40
   Socks/Node=* NtasksPerN:B:S:C=40:0:*:* CoreSpec=*
   MinCPUsNode=40 MinMemoryNode=175000M MinTmpDiskNode=0
   Features=[skylake|cascade] DelayBoot=00:00:00
   OverSubscribe=NO Contiguous=0 Licenses=(null) Network=(null)
   Command=/gpfs/fs0/scratch/z/zingg/tmontoya/GHOST/notebooks/submit_euler_p4.sh
   WorkDir=/gpfs/fs0/scratch/z/zingg/tmontoya/GHOST/notebooks
   StdErr=/gpfs/fs0/scratch/z/zingg/tmontoya/GHOST/notebooks/slurm-6358344.out
   StdIn=/dev/null
   StdOut=/gpfs/fs0/scratch/z/zingg/tmontoya/GHOST/notebooks/slurm-6358344.out
   Power=
   MailUser=tmontoya@scinet.local MailType=NONE

sacct -j 6358344
       JobID    JobName    Account    Elapsed  MaxVMSize     MaxRSS  SystemCPU    UserCPU ExitCode 
------------ ---------- ---------- ---------- ---------- ---------- ---------- ---------- -------- 
6358344        euler_p4 rrg-zingg+   23:30:07                        07:34.220 10-17:49:+      0:0 
6358344.bat+      batch rrg-zingg+   23:30:07  73180984K   3263072K  07:34.220 10-17:49:+      0:0 
6358344.ext+     extern rrg-zingg+   23:30:07    138360K      1072K   00:00:00   00:00:00      0:0 

kernel messages produced during job executions:
[Nov 5 10:08] CIFS PidTable: buckets 64
[  +0.005093] CIFS BufTable: buckets 64
[Nov 5 11:25] CIFS PidTable: buckets 64
[  +0.005100] CIFS BufTable: buckets 64
[Nov 5 12:39] CIFS PidTable: buckets 64
[  +0.005061] CIFS BufTable: buckets 64
[Nov 5 14:41] INFO: task python:304511 blocked for more than 120 seconds.
[  +0.008323] "echo 0 > /proc/sys/kernel/hung_task_timeout_secs" disables this message.
[  +0.009523] python          D ffff9fc611b930c0     0 304511 304456 0x00000000
[  +0.008724] Call Trace:
[  +0.003463]  [<ffffffffaf76c9c9>] schedule+0x29/0x70
[  +0.006274]  [<ffffffffc08d4c91>] cxiWaitEventWait+0x1d1/0x2f0 [mmfslinux]
[  +0.008380]  [<ffffffffaf0d81c0>] ? wake_up_state+0x20/0x20
[  +0.006957]  [<ffffffffc0a57790>] _ZN6ThCond12internalWaitEP16KernelSynchStatejPv+0xd0/0x260 [mmfs26]
[  +0.011022]  [<ffffffffc0a58518>] ? _ZN14BaseMutexClass15releaseLockHeldEP16KernelSynchState+0x18/0x130 [mmfs26]
[  +0.012089]  [<ffffffffc0a58e5b>] _ZN6ThCond5kWaitEiPKc+0x1db/0x410 [mmfs26]
[  +0.008597]  [<ffffffffc0977a15>] _ZN13KernelMailbox21sendToDaemonWithReplyEv+0x375/0x410 [mmfs26]
[  +0.010729]  [<ffffffffc09b1d25>] _Z10kSFSCreateP15KernelOperationP10gpfsNode_tPcjiP10ext_cred_tjjyP15cxiCreateInfo_tPP8OpenFilePP12OpenInstanceP7FileUIDPj+0x345/0x4f0 [mmfs26]
[  +0.018779]  [<ffffffffc09caedb>] _ZL14createInternalP15KernelOperationP13gpfsVfsData_tP10gpfsNode_tPPvPS4_P7FileUIDiS5_PcjjjPSA_P10ext_cred_tyPj+0x37b/0x750 [mmfs26]
[  +0.017830]  [<ffffffffc09fe3d8>] _Z10gpfsCreateP13gpfsVfsData_tP15KernelOperationP9cxiNode_tPPvPS4_PyiiS5_PcjjjPS9_P10ext_cred_tPj+0x1d8/0x2a0 [mmfs26]
[  +0.016482]  [<ffffffffc09fe200>] ? _Z9gpfsMkdirP13gpfsVfsData_tP15KernelOperationP9cxiNode_tPPvPS4_PyS5_PcjjjP10ext_cred_t+0x890/0x890 [mmfs26]
[  +0.015713]  [<ffffffffc08cbb9d>] gpfs_i_create+0x21d/0x640 [mmfslinux]
[  +0.008106]  [<ffffffffc08bc39c>] ? gpfs_i_permission_noacl+0x4c/0xf0 [mmfslinux]
[  +0.009072]  [<ffffffffaf2faec2>] ? security_inode_permission+0x22/0x30
[  +0.008104]  [<ffffffffaf2504d3>] vfs_create+0xd3/0x140
[  +0.006558]  [<ffffffffaf2525ad>] do_last+0x10cd/0x12a0
[  +0.006558]  [<ffffffffaf254587>] path_openat+0xd7/0x640
[  +0.006643]  [<ffffffffaf255f8d>] do_filp_open+0x4d/0xb0
[  +0.006650]  [<ffffffffaf263717>] ? __alloc_fd+0x47/0x170
[  +0.006746]  [<ffffffffaf242137>] do_sys_open+0x137/0x240
[  +0.006735]  [<ffffffffaf24225e>] SyS_open+0x1e/0x20
[  +0.006256]  [<ffffffffaf779ddb>] system_call_fastpath+0x22/0x27
[Nov 5 16:40] CIFS PidTable: buckets 64
[  +0.005060] CIFS BufTable: buckets 64
[Nov 6 00:10] CIFS PidTable: buckets 64
[  +0.005057] CIFS BufTable: buckets 64
