Pseudo-terminal will not be allocated because stdin is not a terminal.
Submitted batch job 5893841

scontrol show jobid 5892072
JobId=5892072 JobName=euler_p2
   UserId=tmontoya(3046870) GroupId=zingg(6000086) MCS_label=N/A
   Priority=1075043 Nice=0 Account=rrg-zingg-ad QOS=normal
   JobState=COMPLETING Reason=None Dependency=(null)
   Requeue=0 Restarts=0 BatchFlag=1 Reboot=0 ExitCode=0:0
   RunTime=11:30:06 TimeLimit=12:00:00 TimeMin=N/A
   SubmitTime=2021-08-18T13:11:05 EligibleTime=2021-08-18T13:11:05
   AccrueTime=2021-08-18T13:11:05
   StartTime=2021-08-18T14:30:59 EndTime=2021-08-19T02:01:05 Deadline=N/A
   SuspendTime=None SecsPreSuspend=0 LastSchedEval=2021-08-18T14:30:59
   Partition=compute AllocNode:Sid=nia-login02:237155
   ReqNodeList=(null) ExcNodeList=(null)
   NodeList=nia1687
   BatchHost=nia1687
   NumNodes=1 NumCPUs=80 NumTasks=40 CPUs/Task=1 ReqB:S:C:T=0:0:*:*
   TRES=cpu=80,mem=175000M,node=1,billing=40
   Socks/Node=* NtasksPerN:B:S:C=40:0:*:* CoreSpec=*
   MinCPUsNode=40 MinMemoryNode=175000M MinTmpDiskNode=0
   Features=[skylake|cascade] DelayBoot=00:00:00
   OverSubscribe=NO Contiguous=0 Licenses=(null) Network=(null)
   Command=/gpfs/fs0/scratch/z/zingg/tmontoya/GHOST_private/notebooks/submit_euler_p2.sh
   WorkDir=/gpfs/fs0/scratch/z/zingg/tmontoya/GHOST_private/notebooks
   StdErr=/gpfs/fs0/scratch/z/zingg/tmontoya/GHOST_private/notebooks/slurm-5892072.out
   StdIn=/dev/null
   StdOut=/gpfs/fs0/scratch/z/zingg/tmontoya/GHOST_private/notebooks/slurm-5892072.out
   Power=
   MailUser=tmontoya@scinet.local MailType=NONE

sacct -j 5892072
       JobID    JobName    Account    Elapsed  MaxVMSize     MaxRSS  SystemCPU    UserCPU ExitCode 
------------ ---------- ---------- ---------- ---------- ---------- ---------- ---------- -------- 
5892072        euler_p2 rrg-zingg+   11:30:06                        39:40.853 5-06:31:21      0:0 
5892072.bat+      batch rrg-zingg+   11:30:06  72802160K   2591472K  39:40.853 5-06:31:21      0:0 
5892072.ext+     extern rrg-zingg+   11:30:06    138360K       880K   00:00:00   00:00:00      0:0 
