
scontrol show jobid 6394602
JobId=6394602 JobName=euler_p4
   UserId=tmontoya(3046870) GroupId=zingg(6000086) MCS_label=N/A
   Priority=951495 Nice=0 Account=rrg-zingg-ad QOS=normal
   JobState=COMPLETING Reason=None Dependency=(null)
   Requeue=0 Restarts=0 BatchFlag=1 Reboot=0 ExitCode=0:0
   RunTime=23:30:04 TimeLimit=1-00:00:00 TimeMin=N/A
   SubmitTime=2021-11-09T07:42:38 EligibleTime=2021-11-09T07:42:38
   AccrueTime=2021-11-09T07:42:38
   StartTime=2021-11-09T07:46:55 EndTime=2021-11-10T07:16:59 Deadline=N/A
   SuspendTime=None SecsPreSuspend=0 LastSchedEval=2021-11-09T07:46:55
   Partition=compute AllocNode:Sid=nia-login01:431402
   ReqNodeList=(null) ExcNodeList=(null)
   NodeList=nia0123
   BatchHost=nia0123
   NumNodes=1 NumCPUs=80 NumTasks=40 CPUs/Task=1 ReqB:S:C:T=0:0:*:*
   TRES=cpu=80,mem=175000M,node=1,billing=40
   Socks/Node=* NtasksPerN:B:S:C=40:0:*:* CoreSpec=*
   MinCPUsNode=40 MinMemoryNode=175000M MinTmpDiskNode=0
   Features=[skylake|cascade] DelayBoot=00:00:00
   OverSubscribe=NO Contiguous=0 Licenses=(null) Network=(null)
   Command=/gpfs/fs0/scratch/z/zingg/tmontoya/GHOST/notebooks/submit_euler_p4.sh
   WorkDir=/gpfs/fs0/scratch/z/zingg/tmontoya/GHOST/notebooks
   StdErr=/gpfs/fs0/scratch/z/zingg/tmontoya/GHOST/notebooks/slurm-6394602.out
   StdIn=/dev/null
   StdOut=/gpfs/fs0/scratch/z/zingg/tmontoya/GHOST/notebooks/slurm-6394602.out
   Power=
   MailUser=tmontoya@scinet.local MailType=NONE

sacct -j 6394602
       JobID    JobName    Account    Elapsed  MaxVMSize     MaxRSS  SystemCPU    UserCPU ExitCode 
------------ ---------- ---------- ---------- ---------- ---------- ---------- ---------- -------- 
6394602        euler_p4 rrg-zingg+   23:30:04                        07:26.279 11-17:21:+      0:0 
6394602.bat+      batch rrg-zingg+   23:30:04  73184324K   3188552K  07:26.279 11-17:21:+      0:0 
6394602.ext+     extern rrg-zingg+   23:30:04    138360K       880K   00:00:00   00:00:00      0:0 
