
scontrol show jobid 6393400
JobId=6393400 JobName=euler_p3
   UserId=tmontoya(3046870) GroupId=zingg(6000086) MCS_label=N/A
   Priority=1041492 Nice=0 Account=rrg-zingg-ad QOS=normal
   JobState=COMPLETING Reason=None Dependency=(null)
   Requeue=0 Restarts=0 BatchFlag=1 Reboot=0 ExitCode=0:0
   RunTime=11:30:06 TimeLimit=12:00:00 TimeMin=N/A
   SubmitTime=2021-11-08T17:59:39 EligibleTime=2021-11-08T17:59:39
   AccrueTime=2021-11-08T17:59:39
   StartTime=2021-11-08T18:07:46 EndTime=2021-11-09T05:37:52 Deadline=N/A
   SuspendTime=None SecsPreSuspend=0 LastSchedEval=2021-11-08T18:07:46
   Partition=compute AllocNode:Sid=nia-login01:245428
   ReqNodeList=(null) ExcNodeList=(null)
   NodeList=nia1996
   BatchHost=nia1996
   NumNodes=1 NumCPUs=80 NumTasks=40 CPUs/Task=1 ReqB:S:C:T=0:0:*:*
   TRES=cpu=80,mem=175000M,node=1,billing=40
   Socks/Node=* NtasksPerN:B:S:C=40:0:*:* CoreSpec=*
   MinCPUsNode=40 MinMemoryNode=175000M MinTmpDiskNode=0
   Features=[skylake|cascade] DelayBoot=00:00:00
   OverSubscribe=NO Contiguous=0 Licenses=(null) Network=(null)
   Command=/gpfs/fs0/scratch/z/zingg/tmontoya/GHOST/notebooks/submit_euler_p3.sh
   WorkDir=/gpfs/fs0/scratch/z/zingg/tmontoya/GHOST/notebooks
   StdErr=/gpfs/fs0/scratch/z/zingg/tmontoya/GHOST/notebooks/slurm-6393400.out
   StdIn=/dev/null
   StdOut=/gpfs/fs0/scratch/z/zingg/tmontoya/GHOST/notebooks/slurm-6393400.out
   Power=
   MailUser=tmontoya@scinet.local MailType=NONE

sacct -j 6393400
       JobID    JobName    Account    Elapsed  MaxVMSize     MaxRSS  SystemCPU    UserCPU ExitCode 
------------ ---------- ---------- ---------- ---------- ---------- ---------- ---------- -------- 
6393400        euler_p3 rrg-zingg+   11:30:06                        02:59.389 3-08:18:20      0:0 
6393400.bat+      batch rrg-zingg+   11:30:06  72587056K   2454552K  02:59.389 3-08:18:20      0:0 
6393400.ext+     extern rrg-zingg+   11:30:06    138360K       876K   00:00:00   00:00:00      0:0 
