Pseudo-terminal will not be allocated because stdin is not a terminal.
Submitted batch job 5903194

scontrol show jobid 5901879
JobId=5901879 JobName=euler_p3
   UserId=tmontoya(3046870) GroupId=zingg(6000086) MCS_label=N/A
   Priority=964318 Nice=0 Account=rrg-zingg-ad QOS=normal
   JobState=COMPLETING Reason=None Dependency=(null)
   Requeue=0 Restarts=0 BatchFlag=1 Reboot=0 ExitCode=0:0
   RunTime=07:23:55 TimeLimit=12:00:00 TimeMin=N/A
   SubmitTime=2021-08-21T14:00:56 EligibleTime=2021-08-21T14:00:56
   AccrueTime=2021-08-21T14:00:56
   StartTime=2021-08-21T17:08:08 EndTime=2021-08-22T00:32:03 Deadline=N/A
   SuspendTime=None SecsPreSuspend=0 LastSchedEval=2021-08-21T17:08:08
   Partition=compute AllocNode:Sid=nia-login01:194803
   ReqNodeList=(null) ExcNodeList=(null)
   NodeList=nia1821
   BatchHost=nia1821
   NumNodes=1 NumCPUs=80 NumTasks=40 CPUs/Task=1 ReqB:S:C:T=0:0:*:*
   TRES=cpu=80,mem=175000M,node=1,billing=40
   Socks/Node=* NtasksPerN:B:S:C=40:0:*:* CoreSpec=*
   MinCPUsNode=40 MinMemoryNode=175000M MinTmpDiskNode=0
   Features=[skylake|cascade] DelayBoot=00:00:00
   OverSubscribe=NO Contiguous=0 Licenses=(null) Network=(null)
   Command=/gpfs/fs0/scratch/z/zingg/tmontoya/GHOST_private/notebooks/submit_euler_p3.sh
   WorkDir=/gpfs/fs0/scratch/z/zingg/tmontoya/GHOST_private/notebooks
   StdErr=/gpfs/fs0/scratch/z/zingg/tmontoya/GHOST_private/notebooks/slurm-5901879.out
   StdIn=/dev/null
   StdOut=/gpfs/fs0/scratch/z/zingg/tmontoya/GHOST_private/notebooks/slurm-5901879.out
   Power=
   MailUser=tmontoya@scinet.local MailType=NONE

sacct -j 5901879
       JobID    JobName    Account    Elapsed  MaxVMSize     MaxRSS  SystemCPU    UserCPU ExitCode 
------------ ---------- ---------- ---------- ---------- ---------- ---------- ---------- -------- 
5901879        euler_p3 rrg-zingg+   07:23:55                        02:28.685   16:59:49      0:0 
5901879.bat+      batch rrg-zingg+   07:23:55  18422016K    628844K  02:28.685   16:59:49      0:0 
5901879.ext+     extern rrg-zingg+   07:23:55                         00:00:00   00:00:00      0:0 
