Pseudo-terminal will not be allocated because stdin is not a terminal.
Submitted batch job 5896028

scontrol show jobid 5893841
JobId=5893841 JobName=euler_p2
   UserId=tmontoya(3046870) GroupId=zingg(6000086) MCS_label=N/A
   Priority=1056523 Nice=0 Account=rrg-zingg-ad QOS=normal
   JobState=COMPLETING Reason=None Dependency=(null)
   Requeue=0 Restarts=0 BatchFlag=1 Reboot=0 ExitCode=0:0
   RunTime=03:13:52 TimeLimit=12:00:00 TimeMin=N/A
   SubmitTime=2021-08-19T02:01:05 EligibleTime=2021-08-19T02:01:05
   AccrueTime=2021-08-19T02:01:05
   StartTime=2021-08-19T12:17:12 EndTime=2021-08-19T15:31:04 Deadline=N/A
   SuspendTime=None SecsPreSuspend=0 LastSchedEval=2021-08-19T12:17:12
   Partition=compute AllocNode:Sid=nia-login01:296438
   ReqNodeList=(null) ExcNodeList=(null)
   NodeList=nia1211
   BatchHost=nia1211
   NumNodes=1 NumCPUs=80 NumTasks=40 CPUs/Task=1 ReqB:S:C:T=0:0:*:*
   TRES=cpu=80,mem=175000M,node=1,billing=40
   Socks/Node=* NtasksPerN:B:S:C=40:0:*:* CoreSpec=*
   MinCPUsNode=40 MinMemoryNode=175000M MinTmpDiskNode=0
   Features=[skylake|cascade] DelayBoot=00:00:00
   OverSubscribe=NO Contiguous=0 Licenses=(null) Network=(null)
   Command=/gpfs/fs0/scratch/z/zingg/tmontoya/GHOST_private/notebooks/submit_euler_p2.sh
   WorkDir=/gpfs/fs0/scratch/z/zingg/tmontoya/GHOST_private/notebooks
   StdErr=/gpfs/fs0/scratch/z/zingg/tmontoya/GHOST_private/notebooks/slurm-5893841.out
   StdIn=/dev/null
   StdOut=/gpfs/fs0/scratch/z/zingg/tmontoya/GHOST_private/notebooks/slurm-5893841.out
   Power=
   MailUser=tmontoya@scinet.local MailType=NONE

sacct -j 5893841
       JobID    JobName    Account    Elapsed  MaxVMSize     MaxRSS  SystemCPU    UserCPU ExitCode 
------------ ---------- ---------- ---------- ---------- ---------- ---------- ---------- -------- 
5893841        euler_p2 rrg-zingg+   03:13:52                        02:19.300   21:30:06      0:0 
5893841.bat+      batch rrg-zingg+   03:13:52  66562648K   2225864K  02:19.300   21:30:06      0:0 
5893841.ext+     extern rrg-zingg+   03:13:52    138360K       876K   00:00:00   00:00:00      0:0 
