Pseudo-terminal will not be allocated because stdin is not a terminal.
===============================================================================
If you are having trouble logging in, please see:
https://docs.computecanada.ca/wiki/SSH_Keys_Pilot 

Si vous rencontrez des difficultés pour vous authentifier, veuillez consulter: 
https://docs.computecanada.ca/wiki/SSH_Keys_Pilot/fr
===============================================================================

Submitted batch job 6347656

scontrol show jobid 6339422
JobId=6339422 JobName=euler_p2
   UserId=tmontoya(3046870) GroupId=zingg(6000086) MCS_label=N/A
   Priority=1238871 Nice=0 Account=rrg-zingg-ad QOS=normal
   JobState=COMPLETING Reason=None Dependency=(null)
   Requeue=0 Restarts=0 BatchFlag=1 Reboot=0 ExitCode=0:0
   RunTime=11:30:06 TimeLimit=12:00:00 TimeMin=N/A
   SubmitTime=2021-11-04T10:20:29 EligibleTime=2021-11-04T10:20:29
   AccrueTime=2021-11-04T10:20:29
   StartTime=2021-11-04T10:20:36 EndTime=2021-11-04T21:50:42 Deadline=N/A
   SuspendTime=None SecsPreSuspend=0 LastSchedEval=2021-11-04T10:20:36
   Partition=compute AllocNode:Sid=nia-login01:422924
   ReqNodeList=(null) ExcNodeList=(null)
   NodeList=nia0239
   BatchHost=nia0239
   NumNodes=1 NumCPUs=80 NumTasks=40 CPUs/Task=1 ReqB:S:C:T=0:0:*:*
   TRES=cpu=80,mem=175000M,node=1,billing=40
   Socks/Node=* NtasksPerN:B:S:C=40:0:*:* CoreSpec=*
   MinCPUsNode=40 MinMemoryNode=175000M MinTmpDiskNode=0
   Features=[skylake|cascade] DelayBoot=00:00:00
   OverSubscribe=NO Contiguous=0 Licenses=(null) Network=(null)
   Command=/gpfs/fs0/scratch/z/zingg/tmontoya/GHOST/notebooks/submit_euler_p2.sh
   WorkDir=/gpfs/fs0/scratch/z/zingg/tmontoya/GHOST/notebooks
   StdErr=/gpfs/fs0/scratch/z/zingg/tmontoya/GHOST/notebooks/slurm-6339422.out
   StdIn=/dev/null
   StdOut=/gpfs/fs0/scratch/z/zingg/tmontoya/GHOST/notebooks/slurm-6339422.out
   Power=
   MailUser=tmontoya@scinet.local MailType=NONE

sacct -j 6339422
       JobID    JobName    Account    Elapsed  MaxVMSize     MaxRSS  SystemCPU    UserCPU ExitCode 
------------ ---------- ---------- ---------- ---------- ---------- ---------- ---------- -------- 
6339422        euler_p2 rrg-zingg+   11:30:06                        03:55.292 5-17:40:56      0:0 
6339422.bat+      batch rrg-zingg+   11:30:06  72856596K   2775752K  03:55.292 5-17:40:56      0:0 
6339422.ext+     extern rrg-zingg+   11:30:06    138360K       876K   00:00:00   00:00:00      0:0 
