
scontrol show jobid 6334048
JobId=6334048 JobName=euler_p3
   UserId=tmontoya(3046870) GroupId=zingg(6000086) MCS_label=N/A
   Priority=1281027 Nice=0 Account=rrg-zingg-ad QOS=normal
   JobState=COMPLETING Reason=None Dependency=(null)
   Requeue=0 Restarts=0 BatchFlag=1 Reboot=0 ExitCode=0:0
   RunTime=11:30:05 TimeLimit=12:00:00 TimeMin=N/A
   SubmitTime=2021-11-03T09:14:07 EligibleTime=2021-11-03T09:14:07
   AccrueTime=2021-11-03T09:14:07
   StartTime=2021-11-03T09:25:29 EndTime=2021-11-03T20:55:34 Deadline=N/A
   SuspendTime=None SecsPreSuspend=0 LastSchedEval=2021-11-03T09:25:29
   Partition=compute AllocNode:Sid=nia-login03:418206
   ReqNodeList=(null) ExcNodeList=(null)
   NodeList=nia0565
   BatchHost=nia0565
   NumNodes=1 NumCPUs=80 NumTasks=40 CPUs/Task=1 ReqB:S:C:T=0:0:*:*
   TRES=cpu=80,mem=175000M,node=1,billing=40
   Socks/Node=* NtasksPerN:B:S:C=40:0:*:* CoreSpec=*
   MinCPUsNode=40 MinMemoryNode=175000M MinTmpDiskNode=0
   Features=[skylake|cascade] DelayBoot=00:00:00
   OverSubscribe=NO Contiguous=0 Licenses=(null) Network=(null)
   Command=/gpfs/fs0/scratch/z/zingg/tmontoya/GHOST/notebooks/submit_euler_p3.sh
   WorkDir=/gpfs/fs0/scratch/z/zingg/tmontoya/GHOST/notebooks
   StdErr=/gpfs/fs0/scratch/z/zingg/tmontoya/GHOST/notebooks/slurm-6334048.out
   StdIn=/dev/null
   StdOut=/gpfs/fs0/scratch/z/zingg/tmontoya/GHOST/notebooks/slurm-6334048.out
   Power=
   MailUser=tmontoya@scinet.local MailType=NONE

sacct -j 6334048
       JobID    JobName    Account    Elapsed  MaxVMSize     MaxRSS  SystemCPU    UserCPU ExitCode 
------------ ---------- ---------- ---------- ---------- ---------- ---------- ---------- -------- 
6334048        euler_p3 rrg-zingg+   11:30:05                        04:26.295 5-17:39:29      0:0 
6334048.bat+      batch rrg-zingg+   11:30:05  72859704K   2736840K  04:26.295 5-17:39:29      0:0 
6334048.ext+     extern rrg-zingg+   11:30:05    138360K      1064K   00:00:00   00:00:00      0:0 
