Pseudo-terminal will not be allocated because stdin is not a terminal.
SBATCH WARNING: 
 You have requested the maximum amount of time.  If this jobs does not actually
 need this amount of time, it may run sooner if you request less time.
SBATCH: 1 warning was found.
SBATCH: Job submission will be attempted despite warnings.
Submitted batch job 5891042

scontrol show jobid 5882902
JobId=5882902 JobName=euler_p3
   UserId=tmontoya(3046870) GroupId=zingg(6000086) MCS_label=N/A
   Priority=871312 Nice=0 Account=rrg-zingg-ad QOS=normal
   JobState=COMPLETING Reason=None Dependency=(null)
   Requeue=0 Restarts=0 BatchFlag=1 Reboot=0 ExitCode=0:0
   RunTime=23:30:06 TimeLimit=1-00:00:00 TimeMin=N/A
   SubmitTime=2021-08-16T16:47:54 EligibleTime=2021-08-16T16:47:54
   AccrueTime=2021-08-16T16:47:54
   StartTime=2021-08-17T03:57:55 EndTime=2021-08-18T03:28:01 Deadline=N/A
   SuspendTime=None SecsPreSuspend=0 LastSchedEval=2021-08-17T03:57:55
   Partition=compute AllocNode:Sid=nia-login05:319401
   ReqNodeList=(null) ExcNodeList=(null)
   NodeList=nia0390
   BatchHost=nia0390
   NumNodes=1 NumCPUs=80 NumTasks=40 CPUs/Task=1 ReqB:S:C:T=0:0:*:*
   TRES=cpu=80,mem=175000M,node=1,billing=40
   Socks/Node=* NtasksPerN:B:S:C=40:0:*:* CoreSpec=*
   MinCPUsNode=40 MinMemoryNode=175000M MinTmpDiskNode=0
   Features=[skylake|cascade] DelayBoot=00:00:00
   OverSubscribe=NO Contiguous=0 Licenses=(null) Network=(null)
   Command=/gpfs/fs0/scratch/z/zingg/tmontoya/GHOST_private/notebooks/submit_euler_p3.sh
   WorkDir=/gpfs/fs0/scratch/z/zingg/tmontoya/GHOST_private/notebooks
   StdErr=/gpfs/fs0/scratch/z/zingg/tmontoya/GHOST_private/notebooks/slurm-5882902.out
   StdIn=/dev/null
   StdOut=/gpfs/fs0/scratch/z/zingg/tmontoya/GHOST_private/notebooks/slurm-5882902.out
   Power=
   MailUser=tmontoya@scinet.local MailType=NONE

sacct -j 5882902
       JobID    JobName    Account    Elapsed  MaxVMSize     MaxRSS  SystemCPU    UserCPU ExitCode 
------------ ---------- ---------- ---------- ---------- ---------- ---------- ---------- -------- 
5882902        euler_p3 rrg-zingg+   23:30:06                        10:21.340 11-17:20:+      0:0 
5882902.bat+      batch rrg-zingg+   23:30:06  73175584K   3048132K  10:21.339 11-17:20:+      0:0 
5882902.ext+     extern rrg-zingg+   23:30:06    138360K       880K   00:00:00   00:00:00      0:0 
