
scontrol show jobid 6334049
JobId=6334049 JobName=euler_p4
   UserId=tmontoya(3046870) GroupId=zingg(6000086) MCS_label=N/A
   Priority=1281039 Nice=0 Account=rrg-zingg-ad QOS=normal
   JobState=COMPLETING Reason=None Dependency=(null)
   Requeue=0 Restarts=0 BatchFlag=1 Reboot=0 ExitCode=0:0
   RunTime=23:30:07 TimeLimit=1-00:00:00 TimeMin=N/A
   SubmitTime=2021-11-03T09:14:13 EligibleTime=2021-11-03T09:14:13
   AccrueTime=2021-11-03T09:14:13
   StartTime=2021-11-03T09:36:25 EndTime=2021-11-04T09:06:32 Deadline=N/A
   SuspendTime=None SecsPreSuspend=0 LastSchedEval=2021-11-03T09:36:25
   Partition=compute AllocNode:Sid=nia-login03:418206
   ReqNodeList=(null) ExcNodeList=(null)
   NodeList=nia1042
   BatchHost=nia1042
   NumNodes=1 NumCPUs=80 NumTasks=40 CPUs/Task=1 ReqB:S:C:T=0:0:*:*
   TRES=cpu=80,mem=175000M,node=1,billing=40
   Socks/Node=* NtasksPerN:B:S:C=40:0:*:* CoreSpec=*
   MinCPUsNode=40 MinMemoryNode=175000M MinTmpDiskNode=0
   Features=[skylake|cascade] DelayBoot=00:00:00
   OverSubscribe=NO Contiguous=0 Licenses=(null) Network=(null)
   Command=/gpfs/fs0/scratch/z/zingg/tmontoya/GHOST/notebooks/submit_euler_p4.sh
   WorkDir=/gpfs/fs0/scratch/z/zingg/tmontoya/GHOST/notebooks
   StdErr=/gpfs/fs0/scratch/z/zingg/tmontoya/GHOST/notebooks/slurm-6334049.out
   StdIn=/dev/null
   StdOut=/gpfs/fs0/scratch/z/zingg/tmontoya/GHOST/notebooks/slurm-6334049.out
   Power=
   MailUser=tmontoya@scinet.local MailType=NONE

sacct -j 6334049
       JobID    JobName    Account    Elapsed  MaxVMSize     MaxRSS  SystemCPU    UserCPU ExitCode 
------------ ---------- ---------- ---------- ---------- ---------- ---------- ---------- -------- 
6334049        euler_p4 rrg-zingg+   23:30:07                        07:03.265 11-17:21:+      0:0 
6334049.bat+      batch rrg-zingg+   23:30:07  73180748K   3152832K  07:03.264 11-17:21:+      0:0 
6334049.ext+     extern rrg-zingg+   23:30:07    138360K       876K   00:00:00   00:00:00      0:0 
