slurmstepd: error: *** JOB 6547854 ON nia1981 CANCELLED AT 2021-12-07T15:04:47 ***

scontrol show jobid 6547854
JobId=6547854 JobName=euler_p4
   UserId=tmontoya(3046870) GroupId=zingg(6000086) MCS_label=N/A
   Priority=1055656 Nice=0 Account=rrg-zingg-ad QOS=normal
   JobState=COMPLETING Reason=None Dependency=(null)
   Requeue=0 Restarts=0 BatchFlag=1 Reboot=0 ExitCode=0:15
   RunTime=00:08:16 TimeLimit=1-00:00:00 TimeMin=N/A
   SubmitTime=2021-12-07T14:51:37 EligibleTime=2021-12-07T14:51:37
   AccrueTime=2021-12-07T14:51:37
   StartTime=2021-12-07T14:56:31 EndTime=2021-12-07T15:04:47 Deadline=N/A
   SuspendTime=None SecsPreSuspend=0 LastSchedEval=2021-12-07T14:56:31
   Partition=compute AllocNode:Sid=nia-login06:294568
   ReqNodeList=(null) ExcNodeList=(null)
   NodeList=nia1981
   BatchHost=nia1981
   NumNodes=1 NumCPUs=80 NumTasks=40 CPUs/Task=1 ReqB:S:C:T=0:0:*:*
   TRES=cpu=80,mem=175000M,node=1,billing=40
   Socks/Node=* NtasksPerN:B:S:C=40:0:*:* CoreSpec=*
   MinCPUsNode=40 MinMemoryNode=175000M MinTmpDiskNode=0
   Features=[skylake|cascade] DelayBoot=00:00:00
   OverSubscribe=NO Contiguous=0 Licenses=(null) Network=(null)
   Command=/gpfs/fs0/scratch/z/zingg/tmontoya/GHOST/notebooks/submit_euler_p4.sh
   WorkDir=/gpfs/fs0/scratch/z/zingg/tmontoya/GHOST/notebooks
   StdErr=/gpfs/fs0/scratch/z/zingg/tmontoya/GHOST/notebooks/slurm-6547854.out
   StdIn=/dev/null
   StdOut=/gpfs/fs0/scratch/z/zingg/tmontoya/GHOST/notebooks/slurm-6547854.out
   Power=
   MailUser=tmontoya@scinet.local MailType=NONE

sacct -j 6547854
       JobID    JobName    Account    Elapsed  MaxVMSize     MaxRSS  SystemCPU    UserCPU ExitCode 
------------ ---------- ---------- ---------- ---------- ---------- ---------- ---------- -------- 
6547854        euler_p4 rrg-zingg+   00:08:16                        02:29.148   01:31:04      0:0 
6547854.bat+      batch rrg-zingg+   00:08:17  72551776K   2455916K  02:29.148   01:31:04     0:15 
6547854.ext+     extern rrg-zingg+   00:08:16    138360K       876K   00:00:00   00:00:00      0:0 
