Pseudo-terminal will not be allocated because stdin is not a terminal.
===============================================================================
If you are having trouble logging in, please see:
https://docs.computecanada.ca/wiki/SSH_Keys_Pilot 

Si vous rencontrez des difficultés pour vous authentifier, veuillez consulter: 
https://docs.computecanada.ca/wiki/SSH_Keys_Pilot/fr
===============================================================================

Submitted batch job 6356862

scontrol show jobid 6347656
JobId=6347656 JobName=euler_p2
   UserId=tmontoya(3046870) GroupId=zingg(6000086) MCS_label=N/A
   Priority=1238450 Nice=0 Account=rrg-zingg-ad QOS=normal
   JobState=COMPLETING Reason=None Dependency=(null)
   Requeue=0 Restarts=0 BatchFlag=1 Reboot=0 ExitCode=0:0
   RunTime=10:43:59 TimeLimit=12:00:00 TimeMin=N/A
   SubmitTime=2021-11-04T21:50:42 EligibleTime=2021-11-04T21:50:42
   AccrueTime=2021-11-04T21:50:42
   StartTime=2021-11-04T22:54:29 EndTime=2021-11-05T09:38:28 Deadline=N/A
   SuspendTime=None SecsPreSuspend=0 LastSchedEval=2021-11-04T22:54:29
   Partition=compute AllocNode:Sid=nia-login01:189972
   ReqNodeList=(null) ExcNodeList=(null)
   NodeList=nia1876
   BatchHost=nia1876
   NumNodes=1 NumCPUs=80 NumTasks=40 CPUs/Task=1 ReqB:S:C:T=0:0:*:*
   TRES=cpu=80,mem=175000M,node=1,billing=40
   Socks/Node=* NtasksPerN:B:S:C=40:0:*:* CoreSpec=*
   MinCPUsNode=40 MinMemoryNode=175000M MinTmpDiskNode=0
   Features=[skylake|cascade] DelayBoot=00:00:00
   OverSubscribe=NO Contiguous=0 Licenses=(null) Network=(null)
   Command=/gpfs/fs0/scratch/z/zingg/tmontoya/GHOST/notebooks/submit_euler_p2.sh
   WorkDir=/gpfs/fs0/scratch/z/zingg/tmontoya/GHOST/notebooks
   StdErr=/gpfs/fs0/scratch/z/zingg/tmontoya/GHOST/notebooks/slurm-6347656.out
   StdIn=/dev/null
   StdOut=/gpfs/fs0/scratch/z/zingg/tmontoya/GHOST/notebooks/slurm-6347656.out
   Power=
   MailUser=tmontoya@scinet.local MailType=NONE

sacct -j 6347656
       JobID    JobName    Account    Elapsed  MaxVMSize     MaxRSS  SystemCPU    UserCPU ExitCode 
------------ ---------- ---------- ---------- ---------- ---------- ---------- ---------- -------- 
6347656        euler_p2 rrg-zingg+   10:43:59                        08:14.548 3-20:01:00      0:0 
6347656.bat+      batch rrg-zingg+   10:43:59  66709296K   2387012K  08:14.548 3-20:01:00      0:0 
6347656.ext+     extern rrg-zingg+   10:43:59    138360K      1064K   00:00:00   00:00:00      0:0 

kernel messages produced during job executions:
[Nov 4 21:21] CIFS PidTable: buckets 64
[  +0.004757] CIFS BufTable: buckets 64
