/var/spool/slurm/slurmd/job6530358/slurm_script: line 18: [: : integer expression expected

scontrol show jobid 6530358
JobId=6530358 JobName=euler_p4
   UserId=tmontoya(3046870) GroupId=zingg(6000086) MCS_label=N/A
   Priority=962054 Nice=0 Account=rrg-zingg-ad QOS=normal
   JobState=COMPLETING Reason=None Dependency=(null)
   Requeue=0 Restarts=0 BatchFlag=1 Reboot=0 ExitCode=0:0
   RunTime=23:30:06 TimeLimit=1-00:00:00 TimeMin=N/A
   SubmitTime=2021-12-02T16:10:50 EligibleTime=2021-12-02T16:10:50
   AccrueTime=2021-12-02T16:10:50
   StartTime=2021-12-03T02:50:54 EndTime=2021-12-04T02:21:00 Deadline=N/A
   SuspendTime=None SecsPreSuspend=0 LastSchedEval=2021-12-03T02:50:54
   Partition=compute AllocNode:Sid=nia-login05:408380
   ReqNodeList=(null) ExcNodeList=(null)
   NodeList=nia1031
   BatchHost=nia1031
   NumNodes=1 NumCPUs=80 NumTasks=40 CPUs/Task=1 ReqB:S:C:T=0:0:*:*
   TRES=cpu=80,mem=175000M,node=1,billing=40
   Socks/Node=* NtasksPerN:B:S:C=40:0:*:* CoreSpec=*
   MinCPUsNode=40 MinMemoryNode=175000M MinTmpDiskNode=0
   Features=[skylake|cascade] DelayBoot=00:00:00
   OverSubscribe=NO Contiguous=0 Licenses=(null) Network=(null)
   Command=/gpfs/fs0/scratch/z/zingg/tmontoya/GHOST/notebooks/submit_euler_p4.sh
   WorkDir=/gpfs/fs0/scratch/z/zingg/tmontoya/GHOST/notebooks
   StdErr=/gpfs/fs0/scratch/z/zingg/tmontoya/GHOST/notebooks/slurm-6530358.out
   StdIn=/dev/null
   StdOut=/gpfs/fs0/scratch/z/zingg/tmontoya/GHOST/notebooks/slurm-6530358.out
   Power=
   MailUser=tmontoya@scinet.local MailType=NONE

sacct -j 6530358
       JobID    JobName    Account    Elapsed  MaxVMSize     MaxRSS  SystemCPU    UserCPU ExitCode 
------------ ---------- ---------- ---------- ---------- ---------- ---------- ---------- -------- 
6530358        euler_p4 rrg-zingg+   23:30:06                        07:45.299 11-17:24:+      0:0 
6530358.bat+      batch rrg-zingg+   23:30:06  73181520K   3308996K  07:45.299 11-17:24:+      0:0 
6530358.ext+     extern rrg-zingg+   23:30:06    138360K      1064K   00:00:00   00:00:00      0:0 
