Pseudo-terminal will not be allocated because stdin is not a terminal.
SBATCH WARNING: 
 You have requested the maximum amount of time.  If this jobs does not actually
 need this amount of time, it may run sooner if you request less time.
SBATCH: 1 warning was found.
SBATCH: Job submission will be attempted despite warnings.
Submitted batch job 5904709

scontrol show jobid 5901886
JobId=5901886 JobName=euler_p4
   UserId=tmontoya(3046870) GroupId=zingg(6000086) MCS_label=N/A
   Priority=964313 Nice=0 Account=rrg-zingg-ad QOS=normal
   JobState=COMPLETING Reason=None Dependency=(null)
   Requeue=0 Restarts=0 BatchFlag=1 Reboot=0 ExitCode=0:0
   RunTime=23:30:06 TimeLimit=1-00:00:00 TimeMin=N/A
   SubmitTime=2021-08-21T14:05:06 EligibleTime=2021-08-21T14:05:06
   AccrueTime=2021-08-21T14:05:06
   StartTime=2021-08-21T17:08:08 EndTime=2021-08-22T16:38:14 Deadline=N/A
   SuspendTime=None SecsPreSuspend=0 LastSchedEval=2021-08-21T17:08:08
   Partition=compute AllocNode:Sid=nia-login01:258880
   ReqNodeList=(null) ExcNodeList=(null)
   NodeList=nia1898
   BatchHost=nia1898
   NumNodes=1 NumCPUs=80 NumTasks=40 CPUs/Task=1 ReqB:S:C:T=0:0:*:*
   TRES=cpu=80,mem=175000M,node=1,billing=40
   Socks/Node=* NtasksPerN:B:S:C=40:0:*:* CoreSpec=*
   MinCPUsNode=40 MinMemoryNode=175000M MinTmpDiskNode=0
   Features=[skylake|cascade] DelayBoot=00:00:00
   OverSubscribe=NO Contiguous=0 Licenses=(null) Network=(null)
   Command=/gpfs/fs0/scratch/z/zingg/tmontoya/GHOST_private/notebooks/submit_euler_p4.sh
   WorkDir=/gpfs/fs0/scratch/z/zingg/tmontoya/GHOST_private/notebooks
   StdErr=/gpfs/fs0/scratch/z/zingg/tmontoya/GHOST_private/notebooks/slurm-5901886.out
   StdIn=/dev/null
   StdOut=/gpfs/fs0/scratch/z/zingg/tmontoya/GHOST_private/notebooks/slurm-5901886.out
   Power=
   MailUser=tmontoya@scinet.local MailType=NONE

sacct -j 5901886
       JobID    JobName    Account    Elapsed  MaxVMSize     MaxRSS  SystemCPU    UserCPU ExitCode 
------------ ---------- ---------- ---------- ---------- ---------- ---------- ---------- -------- 
5901886        euler_p4 rrg-zingg+   23:30:06                        07:42.454 10-17:55:+      0:0 
5901886.bat+      batch rrg-zingg+   23:30:06  73111156K   3159492K  07:42.454 10-17:55:+      0:0 
5901886.ext+     extern rrg-zingg+   23:30:06    138360K      1064K   00:00:00   00:00:00      0:0 

kernel messages produced during job executions:
[Aug22 08:42] CIFS PidTable: buckets 64
[  +0.005078] CIFS BufTable: buckets 64
