Pseudo-terminal will not be allocated because stdin is not a terminal.
===============================================================================
If you are having trouble logging in, please see:
https://docs.computecanada.ca/wiki/SSH_Keys_Pilot 

Si vous rencontrez des difficultés pour vous authentifier, veuillez consulter: 
https://docs.computecanada.ca/wiki/SSH_Keys_Pilot/fr
===============================================================================

Submitted batch job 6360718

scontrol show jobid 6356862
JobId=6356862 JobName=euler_p2
   UserId=tmontoya(3046870) GroupId=zingg(6000086) MCS_label=N/A
   Priority=1198847 Nice=0 Account=rrg-zingg-ad QOS=normal
   JobState=COMPLETING Reason=None Dependency=(null)
   Requeue=0 Restarts=0 BatchFlag=1 Reboot=0 ExitCode=0:0
   RunTime=06:48:49 TimeLimit=12:00:00 TimeMin=N/A
   SubmitTime=2021-11-05T09:38:28 EligibleTime=2021-11-05T09:38:28
   AccrueTime=2021-11-05T09:38:28
   StartTime=2021-11-05T09:39:43 EndTime=2021-11-05T16:28:32 Deadline=N/A
   SuspendTime=None SecsPreSuspend=0 LastSchedEval=2021-11-05T09:39:43
   Partition=compute AllocNode:Sid=nia-login01:261908
   ReqNodeList=(null) ExcNodeList=(null)
   NodeList=nia0620
   BatchHost=nia0620
   NumNodes=1 NumCPUs=80 NumTasks=40 CPUs/Task=1 ReqB:S:C:T=0:0:*:*
   TRES=cpu=80,mem=175000M,node=1,billing=40
   Socks/Node=* NtasksPerN:B:S:C=40:0:*:* CoreSpec=*
   MinCPUsNode=40 MinMemoryNode=175000M MinTmpDiskNode=0
   Features=[skylake|cascade] DelayBoot=00:00:00
   OverSubscribe=NO Contiguous=0 Licenses=(null) Network=(null)
   Command=/gpfs/fs0/scratch/z/zingg/tmontoya/GHOST/notebooks/submit_euler_p2.sh
   WorkDir=/gpfs/fs0/scratch/z/zingg/tmontoya/GHOST/notebooks
   StdErr=/gpfs/fs0/scratch/z/zingg/tmontoya/GHOST/notebooks/slurm-6356862.out
   StdIn=/dev/null
   StdOut=/gpfs/fs0/scratch/z/zingg/tmontoya/GHOST/notebooks/slurm-6356862.out
   Power=
   MailUser=tmontoya@scinet.local MailType=NONE

sacct -j 6356862
       JobID    JobName    Account    Elapsed  MaxVMSize     MaxRSS  SystemCPU    UserCPU ExitCode 
------------ ---------- ---------- ---------- ---------- ---------- ---------- ---------- -------- 
6356862        euler_p2 rrg-zingg+   06:48:49                        01:21.958   06:50:23      0:0 
6356862.bat+      batch rrg-zingg+   06:48:49   6371800K    207464K  01:21.958   06:50:23      0:0 
6356862.ext+     extern rrg-zingg+   06:48:49    138360K       876K   00:00:00   00:00:00      0:0 

kernel messages produced during job executions:
[Nov 5 10:08] CIFS PidTable: buckets 64
[  +0.005002] CIFS BufTable: buckets 64
[Nov 5 11:25] CIFS PidTable: buckets 64
[  +0.004999] CIFS BufTable: buckets 64
[Nov 5 12:39] CIFS PidTable: buckets 64
[  +0.005006] CIFS BufTable: buckets 64
