
scontrol show jobid 6334047
JobId=6334047 JobName=euler_p2
   UserId=tmontoya(3046870) GroupId=zingg(6000086) MCS_label=N/A
   Priority=1281015 Nice=0 Account=rrg-zingg-ad QOS=normal
   JobState=COMPLETING Reason=None Dependency=(null)
   Requeue=0 Restarts=0 BatchFlag=1 Reboot=0 ExitCode=0:0
   RunTime=11:30:07 TimeLimit=12:00:00 TimeMin=N/A
   SubmitTime=2021-11-03T09:13:54 EligibleTime=2021-11-03T09:13:54
   AccrueTime=2021-11-03T09:13:54
   StartTime=2021-11-03T09:15:10 EndTime=2021-11-03T20:45:17 Deadline=N/A
   SuspendTime=None SecsPreSuspend=0 LastSchedEval=2021-11-03T09:15:10
   Partition=compute AllocNode:Sid=nia-login03:418206
   ReqNodeList=(null) ExcNodeList=(null)
   NodeList=nia1789
   BatchHost=nia1789
   NumNodes=1 NumCPUs=80 NumTasks=40 CPUs/Task=1 ReqB:S:C:T=0:0:*:*
   TRES=cpu=80,mem=175000M,node=1,billing=40
   Socks/Node=* NtasksPerN:B:S:C=40:0:*:* CoreSpec=*
   MinCPUsNode=40 MinMemoryNode=175000M MinTmpDiskNode=0
   Features=[skylake|cascade] DelayBoot=00:00:00
   OverSubscribe=NO Contiguous=0 Licenses=(null) Network=(null)
   Command=/gpfs/fs0/scratch/z/zingg/tmontoya/GHOST/notebooks/submit_euler_p2.sh
   WorkDir=/gpfs/fs0/scratch/z/zingg/tmontoya/GHOST/notebooks
   StdErr=/gpfs/fs0/scratch/z/zingg/tmontoya/GHOST/notebooks/slurm-6334047.out
   StdIn=/dev/null
   StdOut=/gpfs/fs0/scratch/z/zingg/tmontoya/GHOST/notebooks/slurm-6334047.out
   Power=
   MailUser=tmontoya@scinet.local MailType=NONE

sacct -j 6334047
       JobID    JobName    Account    Elapsed  MaxVMSize     MaxRSS  SystemCPU    UserCPU ExitCode 
------------ ---------- ---------- ---------- ---------- ---------- ---------- ---------- -------- 
6334047        euler_p2 rrg-zingg+   11:30:07                        13:44.189 5-17:44:17      0:0 
6334047.bat+      batch rrg-zingg+   11:30:07  72856580K   2679700K  13:44.189 5-17:44:17      0:0 
6334047.ext+     extern rrg-zingg+   11:30:07    138360K       876K   00:00:00   00:00:00      0:0 
