
scontrol show jobid 6360907
JobId=6360907 JobName=euler_p2
   UserId=tmontoya(3046870) GroupId=zingg(6000086) MCS_label=N/A
   Priority=1054638 Nice=0 Account=rrg-zingg-ad QOS=normal
   JobState=COMPLETING Reason=None Dependency=(null)
   Requeue=0 Restarts=0 BatchFlag=1 Reboot=0 ExitCode=0:0
   RunTime=00:00:35 TimeLimit=12:00:00 TimeMin=N/A
   SubmitTime=2021-11-05T19:45:03 EligibleTime=2021-11-05T19:45:03
   AccrueTime=2021-11-05T19:45:03
   StartTime=2021-11-05T19:46:03 EndTime=2021-11-05T19:46:38 Deadline=N/A
   SuspendTime=None SecsPreSuspend=0 LastSchedEval=2021-11-05T19:46:03
   Partition=compute AllocNode:Sid=nia-login01:232404
   ReqNodeList=(null) ExcNodeList=(null)
   NodeList=nia0292
   BatchHost=nia0292
   NumNodes=1 NumCPUs=80 NumTasks=40 CPUs/Task=1 ReqB:S:C:T=0:0:*:*
   TRES=cpu=80,mem=175000M,node=1,billing=40
   Socks/Node=* NtasksPerN:B:S:C=40:0:*:* CoreSpec=*
   MinCPUsNode=40 MinMemoryNode=175000M MinTmpDiskNode=0
   Features=[skylake|cascade] DelayBoot=00:00:00
   OverSubscribe=NO Contiguous=0 Licenses=(null) Network=(null)
   Command=/gpfs/fs0/scratch/z/zingg/tmontoya/GHOST/notebooks/submit_euler_p2.sh
   WorkDir=/gpfs/fs0/scratch/z/zingg/tmontoya/GHOST/notebooks
   StdErr=/gpfs/fs0/scratch/z/zingg/tmontoya/GHOST/notebooks/slurm-6360907.out
   StdIn=/dev/null
   StdOut=/gpfs/fs0/scratch/z/zingg/tmontoya/GHOST/notebooks/slurm-6360907.out
   Power=
   MailUser=tmontoya@scinet.local MailType=NONE

sacct -j 6360907
       JobID    JobName    Account    Elapsed  MaxVMSize     MaxRSS  SystemCPU    UserCPU ExitCode 
------------ ---------- ---------- ---------- ---------- ---------- ---------- ---------- -------- 
6360907        euler_p2 rrg-zingg+   00:00:35                        01:15.712  02:59.305      0:0 
6360907.bat+      batch rrg-zingg+   00:00:35    138528K      1252K  01:15.712  02:59.304      0:0 
6360907.ext+     extern rrg-zingg+   00:00:35    138360K       876K   00:00:00   00:00:00      0:0 
