
scontrol show jobid 6297486
JobId=6297486 JobName=advection_p2
   UserId=tmontoya(3046870) GroupId=zingg(6000086) MCS_label=N/A
   Priority=1163402 Nice=0 Account=rrg-zingg-ad QOS=normal
   JobState=COMPLETING Reason=None Dependency=(null)
   Requeue=0 Restarts=0 BatchFlag=1 Reboot=0 ExitCode=0:0
   RunTime=00:38:35 TimeLimit=12:00:00 TimeMin=N/A
   SubmitTime=2021-10-26T19:00:12 EligibleTime=2021-10-26T19:00:12
   AccrueTime=2021-10-26T19:00:12
   StartTime=2021-10-27T08:36:27 EndTime=2021-10-27T09:15:02 Deadline=N/A
   SuspendTime=None SecsPreSuspend=0 LastSchedEval=2021-10-27T08:36:27
   Partition=compute AllocNode:Sid=nia-login05:424575
   ReqNodeList=(null) ExcNodeList=(null)
   NodeList=nia1958
   BatchHost=nia1958
   NumNodes=1 NumCPUs=80 NumTasks=40 CPUs/Task=1 ReqB:S:C:T=0:0:*:*
   TRES=cpu=80,mem=175000M,node=1,billing=40
   Socks/Node=* NtasksPerN:B:S:C=40:0:*:* CoreSpec=*
   MinCPUsNode=40 MinMemoryNode=175000M MinTmpDiskNode=0
   Features=[skylake|cascade] DelayBoot=00:00:00
   OverSubscribe=NO Contiguous=0 Licenses=(null) Network=(null)
   Command=/gpfs/fs0/scratch/z/zingg/tmontoya/GHOST/notebooks/submit_advection_p2.sh
   WorkDir=/gpfs/fs0/scratch/z/zingg/tmontoya/GHOST/notebooks
   StdErr=/gpfs/fs0/scratch/z/zingg/tmontoya/GHOST/notebooks/slurm-6297486.out
   StdIn=/dev/null
   StdOut=/gpfs/fs0/scratch/z/zingg/tmontoya/GHOST/notebooks/slurm-6297486.out
   Power=
   MailUser=tmontoya@scinet.local MailType=NONE

sacct -j 6297486
       JobID    JobName    Account    Elapsed  MaxVMSize     MaxRSS  SystemCPU    UserCPU ExitCode 
------------ ---------- ---------- ---------- ---------- ---------- ---------- ---------- -------- 
6297486      advection+ rrg-zingg+   00:38:35                        00:44.228   11:22:50      0:0 
6297486.bat+      batch rrg-zingg+   00:38:35  42677172K   4141796K  00:44.228   11:22:50      0:0 
6297486.ext+     extern rrg-zingg+   00:38:35    138360K       876K   00:00:00   00:00:00      0:0 
