Pseudo-terminal will not be allocated because stdin is not a terminal.
SBATCH WARNING: 
 You have requested the maximum amount of time.  If this jobs does not actually
 need this amount of time, it may run sooner if you request less time.
SBATCH: 1 warning was found.
SBATCH: Job submission will be attempted despite warnings.
Submitted batch job 5891320

scontrol show jobid 5891315
JobId=5891315 JobName=euler_p4
   UserId=tmontoya(3046870) GroupId=zingg(6000086) MCS_label=N/A
   Priority=1076073 Nice=0 Account=rrg-zingg-ad QOS=normal
   JobState=COMPLETING Reason=None Dependency=(null)
   Requeue=0 Restarts=0 BatchFlag=1 Reboot=0 ExitCode=0:0
   RunTime=00:00:28 TimeLimit=1-00:00:00 TimeMin=N/A
   SubmitTime=2021-08-18T05:55:58 EligibleTime=2021-08-18T05:55:58
   AccrueTime=2021-08-18T05:55:58
   StartTime=2021-08-18T05:56:18 EndTime=2021-08-18T05:56:46 Deadline=N/A
   SuspendTime=None SecsPreSuspend=0 LastSchedEval=2021-08-18T05:56:18
   Partition=compute AllocNode:Sid=nia-login01:375617
   ReqNodeList=(null) ExcNodeList=(null)
   NodeList=nia1890
   BatchHost=nia1890
   NumNodes=1 NumCPUs=80 NumTasks=40 CPUs/Task=1 ReqB:S:C:T=0:0:*:*
   TRES=cpu=80,mem=175000M,node=1,billing=40
   Socks/Node=* NtasksPerN:B:S:C=40:0:*:* CoreSpec=*
   MinCPUsNode=40 MinMemoryNode=175000M MinTmpDiskNode=0
   Features=[skylake|cascade] DelayBoot=00:00:00
   OverSubscribe=NO Contiguous=0 Licenses=(null) Network=(null)
   Command=/gpfs/fs0/scratch/z/zingg/tmontoya/GHOST_private/notebooks/submit_euler_p4.sh
   WorkDir=/gpfs/fs0/scratch/z/zingg/tmontoya/GHOST_private/notebooks
   StdErr=/gpfs/fs0/scratch/z/zingg/tmontoya/GHOST_private/notebooks/slurm-5891315.out
   StdIn=/dev/null
   StdOut=/gpfs/fs0/scratch/z/zingg/tmontoya/GHOST_private/notebooks/slurm-5891315.out
   Power=
   MailUser=tmontoya@scinet.local MailType=NONE

sacct -j 5891315
       JobID    JobName    Account    Elapsed  MaxVMSize     MaxRSS  SystemCPU    UserCPU ExitCode 
------------ ---------- ---------- ---------- ---------- ---------- ---------- ---------- -------- 
5891315        euler_p4 rrg-zingg+   00:00:28                        03:11.493  04:41.558      0:0 
5891315.bat+      batch rrg-zingg+   00:00:28    138528K      1252K  03:11.493  04:41.557      0:0 
5891315.ext+     extern rrg-zingg+   00:00:28    138360K      1064K   00:00:00   00:00:00      0:0 
