Pseudo-terminal will not be allocated because stdin is not a terminal.
===============================================================================
If you are having trouble logging in, please see:
https://docs.computecanada.ca/wiki/SSH_Keys_Pilot 

Si vous rencontrez des difficultés pour vous authentifier, veuillez consulter: 
https://docs.computecanada.ca/wiki/SSH_Keys_Pilot/fr
===============================================================================

SBATCH WARNING: 
 You have requested the maximum amount of time.  If this jobs does not actually
 need this amount of time, it may run sooner if you request less time.
SBATCH: 1 warning was found.
SBATCH: Job submission will be attempted despite warnings.
Submitted batch job 6388490

scontrol show jobid 6373694
JobId=6373694 JobName=euler_p4
   UserId=tmontoya(3046870) GroupId=zingg(6000086) MCS_label=N/A
   Priority=1012861 Nice=0 Account=rrg-zingg-ad QOS=normal
   JobState=COMPLETING Reason=None Dependency=(null)
   Requeue=0 Restarts=0 BatchFlag=1 Reboot=0 ExitCode=0:0
   RunTime=23:30:07 TimeLimit=1-00:00:00 TimeMin=N/A
   SubmitTime=2021-11-07T08:41:08 EligibleTime=2021-11-07T08:41:08
   AccrueTime=2021-11-07T08:41:08
   StartTime=2021-11-07T08:41:27 EndTime=2021-11-08T08:11:34 Deadline=N/A
   SuspendTime=None SecsPreSuspend=0 LastSchedEval=2021-11-07T08:41:27
   Partition=compute AllocNode:Sid=nia-login01:69937
   ReqNodeList=(null) ExcNodeList=(null)
   NodeList=nia1489
   BatchHost=nia1489
   NumNodes=1 NumCPUs=80 NumTasks=40 CPUs/Task=1 ReqB:S:C:T=0:0:*:*
   TRES=cpu=80,mem=175000M,node=1,billing=40
   Socks/Node=* NtasksPerN:B:S:C=40:0:*:* CoreSpec=*
   MinCPUsNode=40 MinMemoryNode=175000M MinTmpDiskNode=0
   Features=[skylake|cascade] DelayBoot=00:00:00
   OverSubscribe=NO Contiguous=0 Licenses=(null) Network=(null)
   Command=/gpfs/fs0/scratch/z/zingg/tmontoya/GHOST/notebooks/submit_euler_p4.sh
   WorkDir=/gpfs/fs0/scratch/z/zingg/tmontoya/GHOST/notebooks
   StdErr=/gpfs/fs0/scratch/z/zingg/tmontoya/GHOST/notebooks/slurm-6373694.out
   StdIn=/dev/null
   StdOut=/gpfs/fs0/scratch/z/zingg/tmontoya/GHOST/notebooks/slurm-6373694.out
   Power=
   MailUser=tmontoya@scinet.local MailType=NONE

sacct -j 6373694
       JobID    JobName    Account    Elapsed  MaxVMSize     MaxRSS  SystemCPU    UserCPU ExitCode 
------------ ---------- ---------- ---------- ---------- ---------- ---------- ---------- -------- 
6373694        euler_p4 rrg-zingg+   23:30:07                        07:22.290 11-17:20:+      0:0 
6373694.bat+      batch rrg-zingg+   23:30:07  73182772K   3236540K  07:22.290 11-17:20:+      0:0 
6373694.ext+     extern rrg-zingg+   23:30:07    138360K       876K   00:00:00   00:00:00      0:0 

kernel messages produced during job executions:
[Nov 8 03:51] CIFS PidTable: buckets 64
[  +0.004501] CIFS BufTable: buckets 64
[Nov 8 04:51] CIFS PidTable: buckets 64
[  +0.004504] CIFS BufTable: buckets 64
