
scontrol show jobid 5891326
JobId=5891326 JobName=euler_p4
   UserId=tmontoya(3046870) GroupId=zingg(6000086) MCS_label=N/A
   Priority=1076081 Nice=0 Account=rrg-zingg-ad QOS=normal
   JobState=COMPLETING Reason=None Dependency=(null)
   Requeue=0 Restarts=0 BatchFlag=1 Reboot=0 ExitCode=0:0
   RunTime=00:00:25 TimeLimit=1-00:00:00 TimeMin=N/A
   SubmitTime=2021-08-18T05:59:15 EligibleTime=2021-08-18T05:59:15
   AccrueTime=2021-08-18T05:59:15
   StartTime=2021-08-18T05:59:57 EndTime=2021-08-18T06:00:22 Deadline=N/A
   SuspendTime=None SecsPreSuspend=0 LastSchedEval=2021-08-18T05:59:57
   Partition=compute AllocNode:Sid=nia-login01:378934
   ReqNodeList=(null) ExcNodeList=(null)
   NodeList=nia1890
   BatchHost=nia1890
   NumNodes=1 NumCPUs=80 NumTasks=40 CPUs/Task=1 ReqB:S:C:T=0:0:*:*
   TRES=cpu=80,mem=175000M,node=1,billing=40
   Socks/Node=* NtasksPerN:B:S:C=40:0:*:* CoreSpec=*
   MinCPUsNode=40 MinMemoryNode=175000M MinTmpDiskNode=0
   Features=[skylake|cascade] DelayBoot=00:00:00
   OverSubscribe=NO Contiguous=0 Licenses=(null) Network=(null)
   Command=/gpfs/fs0/scratch/z/zingg/tmontoya/GHOST_private/notebooks/submit_euler_p4.sh
   WorkDir=/gpfs/fs0/scratch/z/zingg/tmontoya/GHOST_private/notebooks
   StdErr=/gpfs/fs0/scratch/z/zingg/tmontoya/GHOST_private/notebooks/slurm-5891326.out
   StdIn=/dev/null
   StdOut=/gpfs/fs0/scratch/z/zingg/tmontoya/GHOST_private/notebooks/slurm-5891326.out
   Power=
   MailUser=tmontoya@scinet.local MailType=NONE

sacct -j 5891326
       JobID    JobName    Account    Elapsed  MaxVMSize     MaxRSS  SystemCPU    UserCPU ExitCode 
------------ ---------- ---------- ---------- ---------- ---------- ---------- ---------- -------- 
5891326        euler_p4 rrg-zingg+   00:00:25                        03:29.134  04:53.048      0:0 
5891326.bat+      batch rrg-zingg+   00:00:25    138528K      1248K  03:29.134  04:53.048      0:0 
5891326.ext+     extern rrg-zingg+   00:00:25    138360K       876K   00:00:00   00:00:00      0:0 
