Pseudo-terminal will not be allocated because stdin is not a terminal.
===============================================================================
If you are having trouble logging in, please see:
https://docs.computecanada.ca/wiki/SSH_Keys_Pilot 

Si vous rencontrez des difficultés pour vous authentifier, veuillez consulter: 
https://docs.computecanada.ca/wiki/SSH_Keys_Pilot/fr
===============================================================================

SBATCH WARNING: 
 You have requested the maximum amount of time.  If this jobs does not actually
 need this amount of time, it may run sooner if you request less time.
SBATCH: 1 warning was found.
SBATCH: Job submission will be attempted despite warnings.
Submitted batch job 6373694

scontrol show jobid 6362663
JobId=6362663 JobName=euler_p4
   UserId=tmontoya(3046870) GroupId=zingg(6000086) MCS_label=N/A
   Priority=1107624 Nice=0 Account=rrg-zingg-ad QOS=normal
   JobState=COMPLETING Reason=None Dependency=(null)
   Requeue=0 Restarts=0 BatchFlag=1 Reboot=0 ExitCode=0:0
   RunTime=23:30:08 TimeLimit=1-00:00:00 TimeMin=N/A
   SubmitTime=2021-11-06T10:09:49 EligibleTime=2021-11-06T10:09:49
   AccrueTime=2021-11-06T10:09:49
   StartTime=2021-11-06T10:11:01 EndTime=2021-11-07T08:41:09 Deadline=N/A
   SuspendTime=None SecsPreSuspend=0 LastSchedEval=2021-11-06T10:11:01
   Partition=compute AllocNode:Sid=nia-login01:174070
   ReqNodeList=(null) ExcNodeList=(null)
   NodeList=nia0968
   BatchHost=nia0968
   NumNodes=1 NumCPUs=80 NumTasks=40 CPUs/Task=1 ReqB:S:C:T=0:0:*:*
   TRES=cpu=80,mem=175000M,node=1,billing=40
   Socks/Node=* NtasksPerN:B:S:C=40:0:*:* CoreSpec=*
   MinCPUsNode=40 MinMemoryNode=175000M MinTmpDiskNode=0
   Features=[skylake|cascade] DelayBoot=00:00:00
   OverSubscribe=NO Contiguous=0 Licenses=(null) Network=(null)
   Command=/gpfs/fs0/scratch/z/zingg/tmontoya/GHOST/notebooks/submit_euler_p4.sh
   WorkDir=/gpfs/fs0/scratch/z/zingg/tmontoya/GHOST/notebooks
   StdErr=/gpfs/fs0/scratch/z/zingg/tmontoya/GHOST/notebooks/slurm-6362663.out
   StdIn=/dev/null
   StdOut=/gpfs/fs0/scratch/z/zingg/tmontoya/GHOST/notebooks/slurm-6362663.out
   Power=
   MailUser=tmontoya@scinet.local MailType=NONE

sacct -j 6362663
       JobID    JobName    Account    Elapsed  MaxVMSize     MaxRSS  SystemCPU    UserCPU ExitCode 
------------ ---------- ---------- ---------- ---------- ---------- ---------- ---------- -------- 
6362663        euler_p4 rrg-zingg+   23:30:08                        07:25.300 11-17:21:+      0:0 
6362663.bat+      batch rrg-zingg+   23:30:08  73183308K   3223940K  07:25.299 11-17:21:+      0:0 
6362663.ext+     extern rrg-zingg+   23:30:08    138360K       876K   00:00:00   00:00:00      0:0 

kernel messages produced during job executions:
[Nov 6 09:53] CIFS PidTable: buckets 64
[  +0.004524] CIFS BufTable: buckets 64
[Nov 6 11:14] CIFS PidTable: buckets 64
[  +0.004533] CIFS BufTable: buckets 64
[Nov 7 03:58] CIFS PidTable: buckets 64
[  +0.004534] CIFS BufTable: buckets 64
