/var/spool/slurm/slurmd/job6306471/slurm_script: line 18: [: : integer expression expected

scontrol show jobid 6306471
JobId=6306471 JobName=euler_p4
   UserId=tmontoya(3046870) GroupId=zingg(6000086) MCS_label=N/A
   Priority=1159597 Nice=0 Account=rrg-zingg-ad QOS=normal
   JobState=COMPLETING Reason=None Dependency=(null)
   Requeue=0 Restarts=0 BatchFlag=1 Reboot=0 ExitCode=0:0
   RunTime=23:30:06 TimeLimit=1-00:00:00 TimeMin=N/A
   SubmitTime=2021-10-27T13:14:29 EligibleTime=2021-10-27T13:14:29
   AccrueTime=2021-10-27T13:14:29
   StartTime=2021-10-29T00:08:48 EndTime=2021-10-29T23:38:54 Deadline=N/A
   SuspendTime=None SecsPreSuspend=0 LastSchedEval=2021-10-29T00:08:48
   Partition=compute AllocNode:Sid=nia-login06:272201
   ReqNodeList=(null) ExcNodeList=(null)
   NodeList=nia1624
   BatchHost=nia1624
   NumNodes=1 NumCPUs=80 NumTasks=40 CPUs/Task=1 ReqB:S:C:T=0:0:*:*
   TRES=cpu=80,mem=175000M,node=1,billing=40
   Socks/Node=* NtasksPerN:B:S:C=40:0:*:* CoreSpec=*
   MinCPUsNode=40 MinMemoryNode=175000M MinTmpDiskNode=0
   Features=[skylake|cascade] DelayBoot=00:00:00
   OverSubscribe=NO Contiguous=0 Licenses=(null) Network=(null)
   Command=/gpfs/fs0/scratch/z/zingg/tmontoya/GHOST/notebooks/submit_euler_p4.sh
   WorkDir=/gpfs/fs0/scratch/z/zingg/tmontoya/GHOST/notebooks
   StdErr=/gpfs/fs0/scratch/z/zingg/tmontoya/GHOST/notebooks/slurm-6306471.out
   StdIn=/dev/null
   StdOut=/gpfs/fs0/scratch/z/zingg/tmontoya/GHOST/notebooks/slurm-6306471.out
   Power=
   MailUser=tmontoya@scinet.local MailType=NONE

sacct -j 6306471
       JobID    JobName    Account    Elapsed  MaxVMSize     MaxRSS  SystemCPU    UserCPU ExitCode 
------------ ---------- ---------- ---------- ---------- ---------- ---------- ---------- -------- 
6306471        euler_p4 rrg-zingg+   23:30:07                         00:00:00   00:00:00      0:0 
6306471.bat+      batch rrg-zingg+   23:30:07                         00:00:00   00:00:00      0:0 
6306471.ext+     extern rrg-zingg+   23:30:07                         00:00:00   00:00:00      0:0 
