Pseudo-terminal will not be allocated because stdin is not a terminal.
===============================================================================
If you are having trouble logging in, please see:
https://docs.computecanada.ca/wiki/SSH_Keys_Pilot 

Si vous rencontrez des difficultés pour vous authentifier, veuillez consulter: 
https://docs.computecanada.ca/wiki/SSH_Keys_Pilot/fr
===============================================================================

Submitted batch job 6360907

scontrol show jobid 6360906
JobId=6360906 JobName=euler_p2
   UserId=tmontoya(3046870) GroupId=zingg(6000086) MCS_label=N/A
   Priority=1054638 Nice=0 Account=rrg-zingg-ad QOS=normal
   JobState=COMPLETING Reason=None Dependency=(null)
   Requeue=0 Restarts=0 BatchFlag=1 Reboot=0 ExitCode=0:0
   RunTime=00:00:44 TimeLimit=12:00:00 TimeMin=N/A
   SubmitTime=2021-11-05T19:43:14 EligibleTime=2021-11-05T19:43:14
   AccrueTime=2021-11-05T19:43:14
   StartTime=2021-11-05T19:44:19 EndTime=2021-11-05T19:45:03 Deadline=N/A
   SuspendTime=None SecsPreSuspend=0 LastSchedEval=2021-11-05T19:44:19
   Partition=compute AllocNode:Sid=nia-login01:231206
   ReqNodeList=(null) ExcNodeList=(null)
   NodeList=nia0033
   BatchHost=nia0033
   NumNodes=1 NumCPUs=80 NumTasks=40 CPUs/Task=1 ReqB:S:C:T=0:0:*:*
   TRES=cpu=80,mem=175000M,node=1,billing=40
   Socks/Node=* NtasksPerN:B:S:C=40:0:*:* CoreSpec=*
   MinCPUsNode=40 MinMemoryNode=175000M MinTmpDiskNode=0
   Features=[skylake|cascade] DelayBoot=00:00:00
   OverSubscribe=NO Contiguous=0 Licenses=(null) Network=(null)
   Command=/gpfs/fs0/scratch/z/zingg/tmontoya/GHOST/notebooks/submit_euler_p2.sh
   WorkDir=/gpfs/fs0/scratch/z/zingg/tmontoya/GHOST/notebooks
   StdErr=/gpfs/fs0/scratch/z/zingg/tmontoya/GHOST/notebooks/slurm-6360906.out
   StdIn=/dev/null
   StdOut=/gpfs/fs0/scratch/z/zingg/tmontoya/GHOST/notebooks/slurm-6360906.out
   Power=
   MailUser=tmontoya@scinet.local MailType=NONE

sacct -j 6360906
       JobID    JobName    Account    Elapsed  MaxVMSize     MaxRSS  SystemCPU    UserCPU ExitCode 
------------ ---------- ---------- ---------- ---------- ---------- ---------- ---------- -------- 
6360906        euler_p2 rrg-zingg+   00:00:44                        01:16.949  02:59.029      0:0 
6360906.bat+      batch rrg-zingg+   00:00:44  72458556K   2401844K  01:16.949  02:59.029      0:0 
6360906.ext+     extern rrg-zingg+   00:00:44    138360K       876K   00:00:00   00:00:00      0:0 
